Initializing document watcher...
mistys.com.au/index.html: {}
mistys.com.au/index.html: {}
mistys.com.au/index.html: {}
mistys.com.au/index.html: {}
mistys.com.au/index.html: {}
mistys.com.au/robots.txt: {}
No more open editors.
mistys.com.au/index.html: {}
mistys.com.au/index.html: {}
No more open editors.
mistys.com.au/wp-includes/wlwmanifest.xml: {}
mistys.com.au/wp-includes/wlwmanifest.xml: {}
No more open editors.
No more open editors.
mistys.com.au/xmlrpc.php?rsd.html: {}
mistys.com.au/xmlrpc.php?rsd.html: {}
mistys.com.au/xmlrpc.php.html: {}
mistys.com.au/index.html: {}
mistys.com.au/index.html: {}
mistys.com.au/index.html: {}
mistys.com.au/index.html: {}
mistys.com.au/index.html: {}
mistys.com.au/index.html: {}
mistys.com.au/index.html: {}
mistys.com.au/index.html: {}
mistys.com.au/index.html: {}
mistys.com.au/index.html: {}
mistys.com.au/index.html: {}
mistys.com.au/index.html: {}
mistys.com.au/index.html: {}
