[2020-04-05 13:57:13.878] [exthost] [info] extension host started
[2020-04-05 13:57:13.897] [exthost] [info] ExtensionService#_doActivateExtension vscode.debug-auto-launch {"startup":true,"extensionId":{"value":"vscode.debug-auto-launch","_lower":"vscode.debug-auto-launch"},"activationEvent":"*"}
[2020-04-05 13:57:13.897] [exthost] [info] ExtensionService#loadCommonJSModule file:///opt/visual-studio-code-insiders/resources/app/extensions/debug-auto-launch/dist/extension
[2020-04-05 13:57:13.901] [exthost] [info] ExtensionService#_doActivateExtension vscode.emmet {"startup":true,"extensionId":{"value":"vscode.emmet","_lower":"vscode.emmet"},"activationEvent":"*"}
[2020-04-05 13:57:13.901] [exthost] [info] ExtensionService#loadCommonJSModule file:///opt/visual-studio-code-insiders/resources/app/extensions/emmet/dist/extension
[2020-04-05 13:57:13.917] [exthost] [info] ExtensionService#_doActivateExtension vscode.git {"startup":true,"extensionId":{"value":"vscode.git","_lower":"vscode.git"},"activationEvent":"*"}
[2020-04-05 13:57:13.917] [exthost] [info] ExtensionService#loadCommonJSModule file:///opt/visual-studio-code-insiders/resources/app/extensions/git/dist/main
[2020-04-05 13:57:13.946] [exthost] [info] ExtensionService#_doActivateExtension vscode.github-authentication {"startup":true,"extensionId":{"value":"vscode.github-authentication","_lower":"vscode.github-authentication"},"activationEvent":"*"}
[2020-04-05 13:57:13.946] [exthost] [info] ExtensionService#loadCommonJSModule file:///opt/visual-studio-code-insiders/resources/app/extensions/github-authentication/dist/extension.js
[2020-04-05 13:57:13.950] [exthost] [info] ExtensionService#_doActivateExtension vscode.merge-conflict {"startup":true,"extensionId":{"value":"vscode.merge-conflict","_lower":"vscode.merge-conflict"},"activationEvent":"*"}
[2020-04-05 13:57:13.951] [exthost] [info] ExtensionService#loadCommonJSModule file:///opt/visual-studio-code-insiders/resources/app/extensions/merge-conflict/dist/extension
[2020-04-05 13:57:13.953] [exthost] [info] ExtensionService#_doActivateExtension vscode.search-result {"startup":true,"extensionId":{"value":"vscode.search-result","_lower":"vscode.search-result"},"activationEvent":"*"}
[2020-04-05 13:57:13.953] [exthost] [info] ExtensionService#loadCommonJSModule file:///opt/visual-studio-code-insiders/resources/app/extensions/search-result/dist/extension.js
[2020-04-05 13:57:13.955] [exthost] [info] ExtensionService#_doActivateExtension vscode.vscode-account {"startup":true,"extensionId":{"value":"vscode.vscode-account","_lower":"vscode.vscode-account"},"activationEvent":"*"}
[2020-04-05 13:57:13.955] [exthost] [info] ExtensionService#loadCommonJSModule file:///opt/visual-studio-code-insiders/resources/app/extensions/vscode-account/dist/extension.js
[2020-04-05 13:57:13.958] [exthost] [info] ExtensionService#_doActivateExtension christian-kohler.path-intellisense {"startup":true,"extensionId":{"value":"christian-kohler.path-intellisense","_lower":"christian-kohler.path-intellisense"},"activationEvent":"*"}
[2020-04-05 13:57:13.958] [exthost] [info] ExtensionService#loadCommonJSModule file:///home/loki/.vscode-insiders/extensions/christian-kohler.path-intellisense-1.4.2/out/src/extension
[2020-04-05 13:57:13.968] [exthost] [info] ExtensionService#_doActivateExtension CoenraadS.bracket-pair-colorizer {"startup":true,"extensionId":{"value":"CoenraadS.bracket-pair-colorizer","_lower":"coenraads.bracket-pair-colorizer"},"activationEvent":"*"}
[2020-04-05 13:57:13.968] [exthost] [info] ExtensionService#loadCommonJSModule file:///home/loki/.vscode-insiders/extensions/coenraads.bracket-pair-colorizer-1.0.61/out/src/extension
[2020-04-05 13:57:13.985] [exthost] [info] ExtensionService#_doActivateExtension cssho.vscode-svgviewer {"startup":true,"extensionId":{"value":"cssho.vscode-svgviewer","_lower":"cssho.vscode-svgviewer"},"activationEvent":"*"}
[2020-04-05 13:57:13.986] [exthost] [info] ExtensionService#loadCommonJSModule file:///home/loki/.vscode-insiders/extensions/cssho.vscode-svgviewer-2.0.0/out/src/extension
[2020-04-05 13:57:14.008] [exthost] [info] ExtensionService#_doActivateExtension dbaeumer.vscode-eslint {"startup":true,"extensionId":{"value":"dbaeumer.vscode-eslint","_lower":"dbaeumer.vscode-eslint"},"activationEvent":"*"}
[2020-04-05 13:57:14.008] [exthost] [info] ExtensionService#loadCommonJSModule file:///home/loki/.vscode-insiders/extensions/dbaeumer.vscode-eslint-2.1.2/client/out/extension
[2020-04-05 13:57:14.021] [exthost] [info] ExtensionService#_doActivateExtension EditorConfig.EditorConfig {"startup":true,"extensionId":{"value":"EditorConfig.EditorConfig","_lower":"editorconfig.editorconfig"},"activationEvent":"*"}
[2020-04-05 13:57:14.021] [exthost] [info] ExtensionService#loadCommonJSModule file:///home/loki/.vscode-insiders/extensions/editorconfig.editorconfig-0.14.4/out/editorConfigMain.js
[2020-04-05 13:57:14.050] [exthost] [info] ExtensionService#_doActivateExtension esbenp.prettier-vscode {"startup":true,"extensionId":{"value":"esbenp.prettier-vscode","_lower":"esbenp.prettier-vscode"},"activationEvent":"*"}
[2020-04-05 13:57:14.050] [exthost] [info] ExtensionService#loadCommonJSModule file:///home/loki/.vscode-insiders/extensions/esbenp.prettier-vscode-4.0.0/dist/extension
[2020-04-05 13:57:14.152] [exthost] [info] ExtensionService#_doActivateExtension formulahendry.auto-close-tag {"startup":true,"extensionId":{"value":"formulahendry.auto-close-tag","_lower":"formulahendry.auto-close-tag"},"activationEvent":"*"}
[2020-04-05 13:57:14.152] [exthost] [info] ExtensionService#loadCommonJSModule file:///home/loki/.vscode-insiders/extensions/formulahendry.auto-close-tag-0.5.6/out/src/extension
[2020-04-05 13:57:14.153] [exthost] [info] ExtensionService#_doActivateExtension formulahendry.auto-rename-tag {"startup":true,"extensionId":{"value":"formulahendry.auto-rename-tag","_lower":"formulahendry.auto-rename-tag"},"activationEvent":"*"}
[2020-04-05 13:57:14.153] [exthost] [info] ExtensionService#loadCommonJSModule file:///home/loki/.vscode-insiders/extensions/formulahendry.auto-rename-tag-0.1.1/out/src/extension
[2020-04-05 13:57:14.155] [exthost] [info] ExtensionService#_doActivateExtension formulahendry.terminal {"startup":true,"extensionId":{"value":"formulahendry.terminal","_lower":"formulahendry.terminal"},"activationEvent":"*"}
[2020-04-05 13:57:14.156] [exthost] [info] ExtensionService#loadCommonJSModule file:///home/loki/.vscode-insiders/extensions/formulahendry.terminal-0.0.10/out/src/extension
[2020-04-05 13:57:14.174] [exthost] [info] ExtensionService#_doActivateExtension naumovs.color-highlight {"startup":true,"extensionId":{"value":"naumovs.color-highlight","_lower":"naumovs.color-highlight"},"activationEvent":"*"}
[2020-04-05 13:57:14.174] [exthost] [info] ExtensionService#loadCommonJSModule file:///home/loki/.vscode-insiders/extensions/naumovs.color-highlight-2.3.0/dist/extension
[2020-04-05 13:57:14.178] [exthost] [info] ExtensionService#_doActivateExtension nowsci.glassit-linux {"startup":true,"extensionId":{"value":"nowsci.glassit-linux","_lower":"nowsci.glassit-linux"},"activationEvent":"*"}
[2020-04-05 13:57:14.179] [exthost] [info] ExtensionService#loadCommonJSModule file:///home/loki/.vscode-insiders/extensions/nowsci.glassit-linux-1.0.0/extension.js
[2020-04-05 13:57:14.179] [exthost] [info] ExtensionService#_doActivateExtension Shan.code-settings-sync {"startup":true,"extensionId":{"value":"Shan.code-settings-sync","_lower":"shan.code-settings-sync"},"activationEvent":"*"}
[2020-04-05 13:57:14.179] [exthost] [info] ExtensionService#loadCommonJSModule file:///home/loki/.vscode-insiders/extensions/shan.code-settings-sync-3.4.3/out/extension.js
[2020-04-05 13:57:14.241] [exthost] [info] ExtensionService#_doActivateExtension tombonnike.vscode-status-bar-format-toggle {"startup":true,"extensionId":{"value":"tombonnike.vscode-status-bar-format-toggle","_lower":"tombonnike.vscode-status-bar-format-toggle"},"activationEvent":"*"}
[2020-04-05 13:57:14.241] [exthost] [info] ExtensionService#loadCommonJSModule file:///home/loki/.vscode-insiders/extensions/tombonnike.vscode-status-bar-format-toggle-2.0.0/out/extension
[2020-04-05 13:57:14.247] [exthost] [info] ExtensionService#_doActivateExtension ms-vscode.cpptools {"startup":true,"extensionId":{"value":"vsciot-vscode.vscode-arduino","_lower":"vsciot-vscode.vscode-arduino"},"activationEvent":"*"}
[2020-04-05 13:57:14.247] [exthost] [info] ExtensionService#loadCommonJSModule file:///home/loki/.vscode-insiders/extensions/ms-vscode.cpptools-0.27.0/dist/main
[2020-04-05 13:57:14.291] [exthost] [info] ExtensionService#_doActivateExtension vscode-icons-team.vscode-icons {"startup":true,"extensionId":{"value":"vscode-icons-team.vscode-icons","_lower":"vscode-icons-team.vscode-icons"},"activationEvent":"*"}
[2020-04-05 13:57:14.291] [exthost] [info] ExtensionService#loadCommonJSModule file:///home/loki/.vscode-insiders/extensions/vscode-icons-team.vscode-icons-10.0.0/dist/src/vscode-icons.bundle.js
[2020-04-05 13:57:14.324] [exthost] [info] ExtensionService#_doActivateExtension wayou.vscode-todo-highlight {"startup":true,"extensionId":{"value":"wayou.vscode-todo-highlight","_lower":"wayou.vscode-todo-highlight"},"activationEvent":"*"}
[2020-04-05 13:57:14.324] [exthost] [info] ExtensionService#loadCommonJSModule file:///home/loki/.vscode-insiders/extensions/wayou.vscode-todo-highlight-1.0.4/src/extension
[2020-04-05 13:57:14.327] [exthost] [info] ExtensionService#_doActivateExtension Wscats.eno {"startup":true,"extensionId":{"value":"Wscats.eno","_lower":"wscats.eno"},"activationEvent":"*"}
[2020-04-05 13:57:14.327] [exthost] [info] ExtensionService#loadCommonJSModule file:///home/loki/.vscode-insiders/extensions/wscats.eno-2.1.4/extension
[2020-04-05 13:57:14.987] [exthost] [info] eager extensions activated
[2020-04-05 13:57:15.589] [exthost] [info] ExtensionService#_doActivateExtension vsciot-vscode.vscode-arduino {"startup":true,"extensionId":{"value":"vsciot-vscode.vscode-arduino","_lower":"vsciot-vscode.vscode-arduino"},"activationEvent":"*"}
[2020-04-05 13:57:15.589] [exthost] [info] ExtensionService#loadCommonJSModule file:///home/loki/.vscode-insiders/extensions/vsciot-vscode.vscode-arduino-0.3.0/out/src/extension
[2020-04-05 13:57:18.940] [exthost] [info] ExtensionService#_doActivateExtension vscode.configuration-editing {"startup":false,"extensionId":{"value":"vscode.configuration-editing","_lower":"vscode.configuration-editing"},"activationEvent":"onLanguage:json"}
[2020-04-05 13:57:18.940] [exthost] [info] ExtensionService#loadCommonJSModule file:///opt/visual-studio-code-insiders/resources/app/extensions/configuration-editing/dist/extension
[2020-04-05 13:57:18.944] [exthost] [info] ExtensionService#_doActivateExtension vscode.extension-editing {"startup":false,"extensionId":{"value":"vscode.extension-editing","_lower":"vscode.extension-editing"},"activationEvent":"onLanguage:json"}
[2020-04-05 13:57:18.944] [exthost] [info] ExtensionService#loadCommonJSModule file:///opt/visual-studio-code-insiders/resources/app/extensions/extension-editing/dist/extension
[2020-04-05 13:57:18.955] [exthost] [info] ExtensionService#_doActivateExtension vscode.json-language-features {"startup":false,"extensionId":{"value":"vscode.json-language-features","_lower":"vscode.json-language-features"},"activationEvent":"onLanguage:json"}
[2020-04-05 13:57:18.955] [exthost] [info] ExtensionService#loadCommonJSModule file:///opt/visual-studio-code-insiders/resources/app/extensions/json-language-features/client/dist/jsonMain
[2020-04-05 13:57:18.974] [exthost] [info] ExtensionService#_doActivateExtension ms-vscode.js-debug-nightly {"startup":false,"extensionId":{"value":"ms-vscode.js-debug-nightly","_lower":"ms-vscode.js-debug-nightly"},"activationEvent":"onLanguage:json"}
[2020-04-05 13:57:18.974] [exthost] [info] ExtensionService#loadCommonJSModule file:///opt/visual-studio-code-insiders/resources/app/extensions/ms-vscode.js-debug-nightly/src/extension.js
[2020-04-05 13:57:19.158] [exthost] [info] ExtensionService#_doActivateExtension vscode.npm {"startup":false,"extensionId":{"value":"vscode.npm","_lower":"vscode.npm"},"activationEvent":"onLanguage:json"}
[2020-04-05 13:57:19.158] [exthost] [info] ExtensionService#loadCommonJSModule file:///opt/visual-studio-code-insiders/resources/app/extensions/npm/dist/main
[2020-04-05 13:57:19.168] [exthost] [info] ExtensionService#_doActivateExtension eg2.vscode-npm-script {"startup":false,"extensionId":{"value":"eg2.vscode-npm-script","_lower":"eg2.vscode-npm-script"},"activationEvent":"onLanguage:json"}
[2020-04-05 13:57:19.168] [exthost] [info] ExtensionService#loadCommonJSModule file:///home/loki/.vscode-insiders/extensions/eg2.vscode-npm-script-0.3.11/dist/extension
[2020-04-05 13:59:13.193] [exthost] [info] ExtensionService#_doActivateExtension wwm.better-align {"startup":false,"extensionId":{"value":"wwm.better-align","_lower":"wwm.better-align"},"activationEvent":"onCommand:wwm.aligncode"}
[2020-04-05 13:59:13.193] [exthost] [info] ExtensionService#loadCommonJSModule file:///home/loki/.vscode-insiders/extensions/wwm.better-align-1.1.6/out/src/extension
[2020-04-05 13:59:13.201] [exthost] [warning] [wwm.better-align] Accessing a resource scoped configuration without providing a resource is not expected. To get the effective value for '[json]', provide the URI of a resource or 'null' for any resource.
[2020-04-05 13:59:13.201] [exthost] [warning] [wwm.better-align] Accessing a resource scoped configuration without providing a resource is not expected. To get the effective value for '[json]', provide the URI of a resource or 'null' for any resource.
[2020-04-05 13:59:13.201] [exthost] [warning] [wwm.better-align] Accessing a resource scoped configuration without providing a resource is not expected. To get the effective value for '[json]', provide the URI of a resource or 'null' for any resource.
[2020-04-05 13:59:13.202] [exthost] [warning] [wwm.better-align] Accessing a resource scoped configuration without providing a resource is not expected. To get the effective value for '[json]', provide the URI of a resource or 'null' for any resource.
[2020-04-05 13:59:13.202] [exthost] [warning] [wwm.better-align] Accessing a resource scoped configuration without providing a resource is not expected. To get the effective value for '[json]', provide the URI of a resource or 'null' for any resource.
[2020-04-05 13:59:13.202] [exthost] [warning] [wwm.better-align] Accessing a resource scoped configuration without providing a resource is not expected. To get the effective value for '[json]', provide the URI of a resource or 'null' for any resource.
[2020-04-05 13:59:13.204] [exthost] [warning] [wwm.better-align] Accessing a resource scoped configuration without providing a resource is not expected. To get the effective value for '[json]', provide the URI of a resource or 'null' for any resource.
[2020-04-05 13:59:13.204] [exthost] [warning] [wwm.better-align] Accessing a resource scoped configuration without providing a resource is not expected. To get the effective value for '[json]', provide the URI of a resource or 'null' for any resource.
[2020-04-05 13:59:13.204] [exthost] [warning] [wwm.better-align] Accessing a resource scoped configuration without providing a resource is not expected. To get the effective value for '[json]', provide the URI of a resource or 'null' for any resource.
[2020-04-05 13:59:13.205] [exthost] [warning] [wwm.better-align] Accessing a resource scoped configuration without providing a resource is not expected. To get the effective value for '[json]', provide the URI of a resource or 'null' for any resource.
[2020-04-05 13:59:13.206] [exthost] [warning] [wwm.better-align] Accessing a resource scoped configuration without providing a resource is not expected. To get the effective value for '[json]', provide the URI of a resource or 'null' for any resource.
[2020-04-05 13:59:13.207] [exthost] [warning] [wwm.better-align] Accessing a resource scoped configuration without providing a resource is not expected. To get the effective value for '[json]', provide the URI of a resource or 'null' for any resource.
[2020-04-05 13:59:13.207] [exthost] [warning] [wwm.better-align] Accessing a resource scoped configuration without providing a resource is not expected. To get the effective value for '[json]', provide the URI of a resource or 'null' for any resource.
[2020-04-05 13:59:13.207] [exthost] [warning] [wwm.better-align] Accessing a resource scoped configuration without providing a resource is not expected. To get the effective value for '[json]', provide the URI of a resource or 'null' for any resource.
[2020-04-05 13:59:13.207] [exthost] [warning] [wwm.better-align] Accessing a resource scoped configuration without providing a resource is not expected. To get the effective value for '[json]', provide the URI of a resource or 'null' for any resource.
[2020-04-05 13:59:13.208] [exthost] [warning] [wwm.better-align] Accessing a resource scoped configuration without providing a resource is not expected. To get the effective value for '[json]', provide the URI of a resource or 'null' for any resource.
[2020-04-05 13:59:13.208] [exthost] [warning] [wwm.better-align] Accessing a resource scoped configuration without providing a resource is not expected. To get the effective value for '[json]', provide the URI of a resource or 'null' for any resource.
[2020-04-05 13:59:13.208] [exthost] [warning] [wwm.better-align] Accessing a resource scoped configuration without providing a resource is not expected. To get the effective value for '[json]', provide the URI of a resource or 'null' for any resource.
[2020-04-05 13:59:13.209] [exthost] [warning] [wwm.better-align] Accessing a resource scoped configuration without providing a resource is not expected. To get the effective value for '[json]', provide the URI of a resource or 'null' for any resource.
[2020-04-05 13:59:13.209] [exthost] [warning] [wwm.better-align] Accessing a resource scoped configuration without providing a resource is not expected. To get the effective value for '[json]', provide the URI of a resource or 'null' for any resource.
[2020-04-05 14:00:07.251] [exthost] [info] ExtensionService#_doActivateExtension bladnman.auto-align {"startup":false,"extensionId":{"value":"bladnman.auto-align","_lower":"bladnman.auto-align"},"activationEvent":"onCommand:extension.autoalign"}
[2020-04-05 14:00:07.251] [exthost] [info] ExtensionService#loadCommonJSModule file:///home/loki/.vscode-insiders/extensions/bladnman.auto-align-0.0.13/extension
