Initializing document watcher...
nestCodex/backend/src/app.module.ts: {}
nestCodex/backend/src/profile/schemas/profile.schema.ts: {}
nestCodex/backend/src/profile/schemas/profile.schema.ts: {}
nestCodex/backend/src/profile/schemas/profile.schema.ts: {}
nestCodex/backend/src/profile/schemas/profile.schema.ts: {}
nestCodex/backend/src/profile/schemas/profile.schema.ts: {}
nestCodex/backend/src/profile/schemas/profile.schema.ts: {}
nestCodex/backend/src/profile/schemas/profile.schema.ts: {}
nestCodex/backend/src/profile/schemas/profile.schema.ts: {}
nestCodex/backend/src/app.service.ts: {}
nestCodex/backend/src/app.service.ts: {}
nestCodex/backend/src/app.service.ts: {}
nestCodex/backend/src/profile/schemas/profile.schema.ts: {}
nestCodex/backend/src/app.module.ts: {}
nestCodex/backend/src/app.module.ts: {}
nestCodex/backend/src/app.module.ts: {}
nestCodex/backend/src/app.module.ts: {}
nestCodex/backend/src/app.module.ts: {}
nestCodex/backend/src/app.module.ts: {}
nestCodex/backend/src/app.controller.spec.ts: {}
nestCodex/backend/src/app.controller.spec.ts: {}
nestCodex/backend/src/app.controller.spec.ts: {}
nestCodex/backend/src/profile/schemas/profile.schema.ts: {}
nestCodex/backend/src/profile/schemas/profile.schema.ts: {}
nestCodex/backend/src/profile/schemas/profile.schema.ts: {}
nestCodex/backend/src/profile/schemas/profile.schema.ts: {}
nestCodex/backend/src/profile/schemas/profile.schema.ts: {}
nestCodex/backend/src/profile/schemas/profile.schema.ts: {}
nestCodex/backend/src/profile/schemas/profile.schema.ts: {}
nestCodex/backend/src/profile/schemas/profile.schema.ts: {}
nestCodex/backend/src/profile/schemas/profile.schema.ts: Using EditorConfig core...
nestCodex/backend/src/profile/schemas/profile.schema.ts: Using EditorConfig core...
nestCodex/backend/src/profile/schemas/profile.schema.ts: Using EditorConfig core...
nestCodex/backend/src/profile/schemas/profile.schema.ts: Using EditorConfig core...
