Looking for git in: git
Using git 2.26.0 from git
> git rev-parse --show-toplevel
> git rev-parse --git-dir
Open repository: /home/loki/.dotfiles
> git status -z -u
> git symbolic-ref --short HEAD
> git rev-parse master
> git rev-parse --symbolic-full-name master@{u}
> git rev-list --left-right master...refs/remotes/origin/master
> git for-each-ref --format %(refname) %(objectname) --sort -committerdate
> git remote --verbose
Failed to watch ref '/home/loki/.dotfiles/.git/refs/remotes/origin/master', is most likely packed.
Error: ENOENT: no such file or directory, watch '/home/loki/.dotfiles/.git/refs/remotes/origin/master'
	at FSWatcher.start (internal/fs/watchers.js:165:26)
	at Object.watch (fs.js:1270:11)
	at Object.t.watch (/opt/visual-studio-code/resources/app/extensions/git/dist/main.js:1:596789)
	at E.updateTransientWatchers (/opt/visual-studio-code/resources/app/extensions/git/dist/main.js:1:82747)
	at l.fire (/opt/visual-studio-code/resources/app/out/vs/workbench/services/extensions/node/extensionHostProcess.js:48:865)
	at R.updateModelState (/opt/visual-studio-code/resources/app/extensions/git/dist/main.js:1:101605)
> git config --get commit.template
> git show :install.sh
> git ls-files --stage -- /home/loki/.dotfiles/install.sh
> git cat-file -s 001c8a4ab7c68f276ef6ddd48b2ec17e31679b26
> git check-ignore -v -z --stdin
> git status -z -u
> git symbolic-ref --short HEAD
> git rev-parse master
> git rev-parse --symbolic-full-name master@{u}
> git rev-list --left-right master...refs/remotes/origin/master
> git for-each-ref --format %(refname) %(objectname) --sort -committerdate
> git remote --verbose
Failed to watch ref '/home/loki/.dotfiles/.git/refs/remotes/origin/master', is most likely packed.
Error: ENOENT: no such file or directory, watch '/home/loki/.dotfiles/.git/refs/remotes/origin/master'
	at FSWatcher.start (internal/fs/watchers.js:165:26)
	at Object.watch (fs.js:1270:11)
	at Object.t.watch (/opt/visual-studio-code/resources/app/extensions/git/dist/main.js:1:596789)
	at E.updateTransientWatchers (/opt/visual-studio-code/resources/app/extensions/git/dist/main.js:1:82747)
	at l.fire (/opt/visual-studio-code/resources/app/out/vs/workbench/services/extensions/node/extensionHostProcess.js:48:865)
	at R.updateModelState (/opt/visual-studio-code/resources/app/extensions/git/dist/main.js:1:101605)
> git config --get commit.template
> git show :install.sh
> git ls-files --stage -- /home/loki/.dotfiles/install.sh
> git cat-file -s 001c8a4ab7c68f276ef6ddd48b2ec17e31679b26
> git status -z -u
> git symbolic-ref --short HEAD
> git rev-parse master
> git rev-parse --symbolic-full-name master@{u}
> git rev-list --left-right master...refs/remotes/origin/master
> git for-each-ref --format %(refname) %(objectname) --sort -committerdate
> git remote --verbose
Failed to watch ref '/home/loki/.dotfiles/.git/refs/remotes/origin/master', is most likely packed.
Error: ENOENT: no such file or directory, watch '/home/loki/.dotfiles/.git/refs/remotes/origin/master'
	at FSWatcher.start (internal/fs/watchers.js:165:26)
	at Object.watch (fs.js:1270:11)
	at Object.t.watch (/opt/visual-studio-code/resources/app/extensions/git/dist/main.js:1:596789)
	at E.updateTransientWatchers (/opt/visual-studio-code/resources/app/extensions/git/dist/main.js:1:82747)
	at l.fire (/opt/visual-studio-code/resources/app/out/vs/workbench/services/extensions/node/extensionHostProcess.js:48:865)
	at R.updateModelState (/opt/visual-studio-code/resources/app/extensions/git/dist/main.js:1:101605)
> git config --get commit.template
> git status -z -u
> git ls-files --stage -- /home/loki/.dotfiles/install.sh
> git cat-file -s 001c8a4ab7c68f276ef6ddd48b2ec17e31679b26
> git show :install.sh
> git symbolic-ref --short HEAD
> git rev-parse master
> git rev-parse --symbolic-full-name master@{u}
> git rev-list --left-right master...refs/remotes/origin/master
> git for-each-ref --format %(refname) %(objectname) --sort -committerdate
> git remote --verbose
Failed to watch ref '/home/loki/.dotfiles/.git/refs/remotes/origin/master', is most likely packed.
Error: ENOENT: no such file or directory, watch '/home/loki/.dotfiles/.git/refs/remotes/origin/master'
	at FSWatcher.start (internal/fs/watchers.js:165:26)
	at Object.watch (fs.js:1270:11)
	at Object.t.watch (/opt/visual-studio-code/resources/app/extensions/git/dist/main.js:1:596789)
	at E.updateTransientWatchers (/opt/visual-studio-code/resources/app/extensions/git/dist/main.js:1:82747)
	at l.fire (/opt/visual-studio-code/resources/app/out/vs/workbench/services/extensions/node/extensionHostProcess.js:48:865)
	at R.updateModelState (/opt/visual-studio-code/resources/app/extensions/git/dist/main.js:1:101605)
> git config --get commit.template
> git status -z -u
> git symbolic-ref --short HEAD
> git rev-parse master
> git rev-parse --symbolic-full-name master@{u}
> git rev-list --left-right master...refs/remotes/origin/master
> git for-each-ref --format %(refname) %(objectname) --sort -committerdate
> git remote --verbose
Failed to watch ref '/home/loki/.dotfiles/.git/refs/remotes/origin/master', is most likely packed.
Error: ENOENT: no such file or directory, watch '/home/loki/.dotfiles/.git/refs/remotes/origin/master'
	at FSWatcher.start (internal/fs/watchers.js:165:26)
	at Object.watch (fs.js:1270:11)
	at Object.t.watch (/opt/visual-studio-code/resources/app/extensions/git/dist/main.js:1:596789)
	at E.updateTransientWatchers (/opt/visual-studio-code/resources/app/extensions/git/dist/main.js:1:82747)
	at l.fire (/opt/visual-studio-code/resources/app/out/vs/workbench/services/extensions/node/extensionHostProcess.js:48:865)
	at R.updateModelState (/opt/visual-studio-code/resources/app/extensions/git/dist/main.js:1:101605)
> git config --get commit.template
> git status -z -u
> git symbolic-ref --short HEAD
> git rev-parse master
> git rev-parse --symbolic-full-name master@{u}
> git rev-list --left-right master...refs/remotes/origin/master
> git for-each-ref --format %(refname) %(objectname) --sort -committerdate
> git remote --verbose
Failed to watch ref '/home/loki/.dotfiles/.git/refs/remotes/origin/master', is most likely packed.
Error: ENOENT: no such file or directory, watch '/home/loki/.dotfiles/.git/refs/remotes/origin/master'
	at FSWatcher.start (internal/fs/watchers.js:165:26)
	at Object.watch (fs.js:1270:11)
	at Object.t.watch (/opt/visual-studio-code/resources/app/extensions/git/dist/main.js:1:596789)
	at E.updateTransientWatchers (/opt/visual-studio-code/resources/app/extensions/git/dist/main.js:1:82747)
	at l.fire (/opt/visual-studio-code/resources/app/out/vs/workbench/services/extensions/node/extensionHostProcess.js:48:865)
	at R.updateModelState (/opt/visual-studio-code/resources/app/extensions/git/dist/main.js:1:101605)
> git config --get commit.template
> git status -z -u
> git symbolic-ref --short HEAD
> git rev-parse master
> git rev-parse --symbolic-full-name master@{u}
> git rev-list --left-right master...refs/remotes/origin/master
> git for-each-ref --format %(refname) %(objectname) --sort -committerdate
> git remote --verbose
Failed to watch ref '/home/loki/.dotfiles/.git/refs/remotes/origin/master', is most likely packed.
Error: ENOENT: no such file or directory, watch '/home/loki/.dotfiles/.git/refs/remotes/origin/master'
	at FSWatcher.start (internal/fs/watchers.js:165:26)
	at Object.watch (fs.js:1270:11)
	at Object.t.watch (/opt/visual-studio-code/resources/app/extensions/git/dist/main.js:1:596789)
	at E.updateTransientWatchers (/opt/visual-studio-code/resources/app/extensions/git/dist/main.js:1:82747)
	at l.fire (/opt/visual-studio-code/resources/app/out/vs/workbench/services/extensions/node/extensionHostProcess.js:48:865)
	at R.updateModelState (/opt/visual-studio-code/resources/app/extensions/git/dist/main.js:1:101605)
> git config --get commit.template
> git status -z -u
> git symbolic-ref --short HEAD
> git rev-parse master
> git rev-parse --symbolic-full-name master@{u}
> git rev-list --left-right master...refs/remotes/origin/master
> git for-each-ref --format %(refname) %(objectname) --sort -committerdate
> git remote --verbose
Failed to watch ref '/home/loki/.dotfiles/.git/refs/remotes/origin/master', is most likely packed.
Error: ENOENT: no such file or directory, watch '/home/loki/.dotfiles/.git/refs/remotes/origin/master'
	at FSWatcher.start (internal/fs/watchers.js:165:26)
	at Object.watch (fs.js:1270:11)
	at Object.t.watch (/opt/visual-studio-code/resources/app/extensions/git/dist/main.js:1:596789)
	at E.updateTransientWatchers (/opt/visual-studio-code/resources/app/extensions/git/dist/main.js:1:82747)
	at l.fire (/opt/visual-studio-code/resources/app/out/vs/workbench/services/extensions/node/extensionHostProcess.js:48:865)
	at R.updateModelState (/opt/visual-studio-code/resources/app/extensions/git/dist/main.js:1:101605)
> git config --get commit.template
> git status -z -u
> git symbolic-ref --short HEAD
> git rev-parse master
> git rev-parse --symbolic-full-name master@{u}
> git rev-list --left-right master...refs/remotes/origin/master
> git for-each-ref --format %(refname) %(objectname) --sort -committerdate
> git remote --verbose
Failed to watch ref '/home/loki/.dotfiles/.git/refs/remotes/origin/master', is most likely packed.
Error: ENOENT: no such file or directory, watch '/home/loki/.dotfiles/.git/refs/remotes/origin/master'
	at FSWatcher.start (internal/fs/watchers.js:165:26)
	at Object.watch (fs.js:1270:11)
	at Object.t.watch (/opt/visual-studio-code/resources/app/extensions/git/dist/main.js:1:596789)
	at E.updateTransientWatchers (/opt/visual-studio-code/resources/app/extensions/git/dist/main.js:1:82747)
	at l.fire (/opt/visual-studio-code/resources/app/out/vs/workbench/services/extensions/node/extensionHostProcess.js:48:865)
	at R.updateModelState (/opt/visual-studio-code/resources/app/extensions/git/dist/main.js:1:101605)
> git config --get commit.template
> git status -z -u
> git symbolic-ref --short HEAD
> git rev-parse master
> git rev-parse --symbolic-full-name master@{u}
> git rev-list --left-right master...refs/remotes/origin/master
> git for-each-ref --format %(refname) %(objectname) --sort -committerdate
> git remote --verbose
Failed to watch ref '/home/loki/.dotfiles/.git/refs/remotes/origin/master', is most likely packed.
Error: ENOENT: no such file or directory, watch '/home/loki/.dotfiles/.git/refs/remotes/origin/master'
	at FSWatcher.start (internal/fs/watchers.js:165:26)
	at Object.watch (fs.js:1270:11)
	at Object.t.watch (/opt/visual-studio-code/resources/app/extensions/git/dist/main.js:1:596789)
	at E.updateTransientWatchers (/opt/visual-studio-code/resources/app/extensions/git/dist/main.js:1:82747)
	at l.fire (/opt/visual-studio-code/resources/app/out/vs/workbench/services/extensions/node/extensionHostProcess.js:48:865)
	at R.updateModelState (/opt/visual-studio-code/resources/app/extensions/git/dist/main.js:1:101605)
> git config --get commit.template
> git status -z -u
> git symbolic-ref --short HEAD
> git rev-parse master
> git rev-parse --symbolic-full-name master@{u}
> git rev-list --left-right master...refs/remotes/origin/master
> git for-each-ref --format %(refname) %(objectname) --sort -committerdate
> git remote --verbose
Failed to watch ref '/home/loki/.dotfiles/.git/refs/remotes/origin/master', is most likely packed.
Error: ENOENT: no such file or directory, watch '/home/loki/.dotfiles/.git/refs/remotes/origin/master'
	at FSWatcher.start (internal/fs/watchers.js:165:26)
	at Object.watch (fs.js:1270:11)
	at Object.t.watch (/opt/visual-studio-code/resources/app/extensions/git/dist/main.js:1:596789)
	at E.updateTransientWatchers (/opt/visual-studio-code/resources/app/extensions/git/dist/main.js:1:82747)
	at l.fire (/opt/visual-studio-code/resources/app/out/vs/workbench/services/extensions/node/extensionHostProcess.js:48:865)
	at R.updateModelState (/opt/visual-studio-code/resources/app/extensions/git/dist/main.js:1:101605)
> git config --get commit.template
> git status -z -u
> git symbolic-ref --short HEAD
> git rev-parse master
> git rev-parse --symbolic-full-name master@{u}
> git rev-list --left-right master...refs/remotes/origin/master
> git for-each-ref --format %(refname) %(objectname) --sort -committerdate
> git remote --verbose
Failed to watch ref '/home/loki/.dotfiles/.git/refs/remotes/origin/master', is most likely packed.
Error: ENOENT: no such file or directory, watch '/home/loki/.dotfiles/.git/refs/remotes/origin/master'
	at FSWatcher.start (internal/fs/watchers.js:165:26)
	at Object.watch (fs.js:1270:11)
	at Object.t.watch (/opt/visual-studio-code/resources/app/extensions/git/dist/main.js:1:596789)
	at E.updateTransientWatchers (/opt/visual-studio-code/resources/app/extensions/git/dist/main.js:1:82747)
	at l.fire (/opt/visual-studio-code/resources/app/out/vs/workbench/services/extensions/node/extensionHostProcess.js:48:865)
	at R.updateModelState (/opt/visual-studio-code/resources/app/extensions/git/dist/main.js:1:101605)
> git config --get commit.template
> git status -z -u
> git symbolic-ref --short HEAD
> git rev-parse master
> git rev-parse --symbolic-full-name master@{u}
> git rev-list --left-right master...refs/remotes/origin/master
> git for-each-ref --format %(refname) %(objectname) --sort -committerdate
> git remote --verbose
Failed to watch ref '/home/loki/.dotfiles/.git/refs/remotes/origin/master', is most likely packed.
Error: ENOENT: no such file or directory, watch '/home/loki/.dotfiles/.git/refs/remotes/origin/master'
	at FSWatcher.start (internal/fs/watchers.js:165:26)
	at Object.watch (fs.js:1270:11)
	at Object.t.watch (/opt/visual-studio-code/resources/app/extensions/git/dist/main.js:1:596789)
	at E.updateTransientWatchers (/opt/visual-studio-code/resources/app/extensions/git/dist/main.js:1:82747)
	at l.fire (/opt/visual-studio-code/resources/app/out/vs/workbench/services/extensions/node/extensionHostProcess.js:48:865)
	at R.updateModelState (/opt/visual-studio-code/resources/app/extensions/git/dist/main.js:1:101605)
> git config --get commit.template
> git status -z -u
> git symbolic-ref --short HEAD
> git rev-parse master
> git rev-parse --symbolic-full-name master@{u}
> git rev-list --left-right master...refs/remotes/origin/master
> git for-each-ref --format %(refname) %(objectname) --sort -committerdate
> git remote --verbose
Failed to watch ref '/home/loki/.dotfiles/.git/refs/remotes/origin/master', is most likely packed.
Error: ENOENT: no such file or directory, watch '/home/loki/.dotfiles/.git/refs/remotes/origin/master'
	at FSWatcher.start (internal/fs/watchers.js:165:26)
	at Object.watch (fs.js:1270:11)
	at Object.t.watch (/opt/visual-studio-code/resources/app/extensions/git/dist/main.js:1:596789)
	at E.updateTransientWatchers (/opt/visual-studio-code/resources/app/extensions/git/dist/main.js:1:82747)
	at l.fire (/opt/visual-studio-code/resources/app/out/vs/workbench/services/extensions/node/extensionHostProcess.js:48:865)
	at R.updateModelState (/opt/visual-studio-code/resources/app/extensions/git/dist/main.js:1:101605)
> git config --get commit.template
> git status -z -u
> git symbolic-ref --short HEAD
> git rev-parse master
> git rev-parse --symbolic-full-name master@{u}
> git rev-list --left-right master...refs/remotes/origin/master
> git for-each-ref --format %(refname) %(objectname) --sort -committerdate
> git remote --verbose
Failed to watch ref '/home/loki/.dotfiles/.git/refs/remotes/origin/master', is most likely packed.
Error: ENOENT: no such file or directory, watch '/home/loki/.dotfiles/.git/refs/remotes/origin/master'
	at FSWatcher.start (internal/fs/watchers.js:165:26)
	at Object.watch (fs.js:1270:11)
	at Object.t.watch (/opt/visual-studio-code/resources/app/extensions/git/dist/main.js:1:596789)
	at E.updateTransientWatchers (/opt/visual-studio-code/resources/app/extensions/git/dist/main.js:1:82747)
	at l.fire (/opt/visual-studio-code/resources/app/out/vs/workbench/services/extensions/node/extensionHostProcess.js:48:865)
	at R.updateModelState (/opt/visual-studio-code/resources/app/extensions/git/dist/main.js:1:101605)
> git config --get commit.template
> git status -z -u
> git symbolic-ref --short HEAD
> git rev-parse master
> git rev-parse --symbolic-full-name master@{u}
> git rev-list --left-right master...refs/remotes/origin/master
> git for-each-ref --format %(refname) %(objectname) --sort -committerdate
> git remote --verbose
Failed to watch ref '/home/loki/.dotfiles/.git/refs/remotes/origin/master', is most likely packed.
Error: ENOENT: no such file or directory, watch '/home/loki/.dotfiles/.git/refs/remotes/origin/master'
	at FSWatcher.start (internal/fs/watchers.js:165:26)
	at Object.watch (fs.js:1270:11)
	at Object.t.watch (/opt/visual-studio-code/resources/app/extensions/git/dist/main.js:1:596789)
	at E.updateTransientWatchers (/opt/visual-studio-code/resources/app/extensions/git/dist/main.js:1:82747)
	at l.fire (/opt/visual-studio-code/resources/app/out/vs/workbench/services/extensions/node/extensionHostProcess.js:48:865)
	at R.updateModelState (/opt/visual-studio-code/resources/app/extensions/git/dist/main.js:1:101605)
> git config --get commit.template
> git status -z -u
> git symbolic-ref --short HEAD
> git rev-parse master
> git rev-parse --symbolic-full-name master@{u}
> git rev-list --left-right master...refs/remotes/origin/master
> git for-each-ref --format %(refname) %(objectname) --sort -committerdate
> git remote --verbose
Failed to watch ref '/home/loki/.dotfiles/.git/refs/remotes/origin/master', is most likely packed.
Error: ENOENT: no such file or directory, watch '/home/loki/.dotfiles/.git/refs/remotes/origin/master'
	at FSWatcher.start (internal/fs/watchers.js:165:26)
	at Object.watch (fs.js:1270:11)
	at Object.t.watch (/opt/visual-studio-code/resources/app/extensions/git/dist/main.js:1:596789)
	at E.updateTransientWatchers (/opt/visual-studio-code/resources/app/extensions/git/dist/main.js:1:82747)
	at l.fire (/opt/visual-studio-code/resources/app/out/vs/workbench/services/extensions/node/extensionHostProcess.js:48:865)
	at R.updateModelState (/opt/visual-studio-code/resources/app/extensions/git/dist/main.js:1:101605)
> git config --get commit.template
