[2020-04-07 05:32:39.834] [renderer1] [warning] [File Watcher (chokidar)] Error: ELOOP: too many symbolic links encountered, stat '/home/loki/snapd/src/snapd-2.44.1/tests/lib/snaps/test-snapd-validate-container-failures/hell/bar'
[2020-04-07 05:32:39.834] [renderer1] [warning] [File Watcher (chokidar)] Error: ELOOP: too many symbolic links encountered, stat '/home/loki/snapd/src/snapd-2.44.1/tests/lib/snaps/test-snapd-validate-container-failures/hell/bar -> baz'
[2020-04-07 05:32:39.834] [renderer1] [warning] [File Watcher (chokidar)] Error: ELOOP: too many symbolic links encountered, stat '/home/loki/snapd/src/snapd-2.44.1/tests/lib/snaps/test-snapd-validate-container-failures/hell/bar -> baz -> qux'
[2020-04-07 05:32:39.834] [renderer1] [warning] [File Watcher (chokidar)] Error: ELOOP: too many symbolic links encountered, stat '/home/loki/snapd/src/snapd-2.44.1/tests/lib/snaps/test-snapd-validate-container-failures/hell/bar -> qux'
[2020-04-07 05:32:39.834] [renderer1] [warning] [File Watcher (chokidar)] Error: ELOOP: too many symbolic links encountered, stat '/home/loki/snapd/src/snapd-2.44.1/tests/lib/snaps/test-snapd-validate-container-failures/hell/baz'
[2020-04-07 05:32:39.834] [renderer1] [warning] [File Watcher (chokidar)] Error: ELOOP: too many symbolic links encountered, stat '/home/loki/snapd/src/snapd-2.44.1/tests/lib/snaps/test-snapd-validate-container-failures/hell/baz -> qux'
[2020-04-07 05:32:39.834] [renderer1] [warning] [File Watcher (chokidar)] Error: ELOOP: too many symbolic links encountered, stat '/home/loki/snapd/src/snapd-2.44.1/tests/lib/snaps/test-snapd-validate-container-failures/hell/foo'
[2020-04-07 05:32:39.834] [renderer1] [warning] [File Watcher (chokidar)] Error: ELOOP: too many symbolic links encountered, stat '/home/loki/snapd/src/snapd-2.44.1/tests/lib/snaps/test-snapd-validate-container-failures/hell/foo -> bar'
[2020-04-07 05:32:39.835] [renderer1] [warning] [File Watcher (chokidar)] Error: ELOOP: too many symbolic links encountered, stat '/home/loki/snapd/src/snapd-2.44.1/tests/lib/snaps/test-snapd-validate-container-failures/hell/foo -> bar -> baz'
[2020-04-07 05:32:39.835] [renderer1] [warning] [File Watcher (chokidar)] Error: ELOOP: too many symbolic links encountered, stat '/home/loki/snapd/src/snapd-2.44.1/tests/lib/snaps/test-snapd-validate-container-failures/hell/foo -> bar -> qux'
[2020-04-07 05:32:39.835] [renderer1] [warning] [File Watcher (chokidar)] Error: ELOOP: too many symbolic links encountered, stat '/home/loki/snapd/src/snapd-2.44.1/tests/lib/snaps/test-snapd-validate-container-failures/hell/foo -> baz'
[2020-04-07 05:32:39.835] [renderer1] [warning] [File Watcher (chokidar)] Error: ELOOP: too many symbolic links encountered, stat '/home/loki/snapd/src/snapd-2.44.1/tests/lib/snaps/test-snapd-validate-container-failures/hell/foo -> baz -> qux'
[2020-04-07 05:32:39.835] [renderer1] [warning] [File Watcher (chokidar)] Error: ELOOP: too many symbolic links encountered, stat '/home/loki/snapd/src/snapd-2.44.1/tests/lib/snaps/test-snapd-validate-container-failures/hell/foo -> qux'
[2020-04-07 05:32:39.835] [renderer1] [warning] [File Watcher (chokidar)] Error: ELOOP: too many symbolic links encountered, stat '/home/loki/snapd/src/snapd-2.44.1/tests/lib/snaps/test-snapd-validate-container-failures/hell/qux'
[2020-04-07 05:32:45.570] [renderer1] [warning] [File Watcher (chokidar)] Error: ELOOP: too many symbolic links encountered, stat '/home/loki/snapd/src/go/src/github.com/snapcore/snapd/tests/lib/snaps/test-snapd-validate-container-failures/hell/bar -> baz'
[2020-04-07 05:32:45.570] [renderer1] [warning] [File Watcher (chokidar)] Error: ELOOP: too many symbolic links encountered, stat '/home/loki/snapd/src/go/src/github.com/snapcore/snapd/tests/lib/snaps/test-snapd-validate-container-failures/hell/bar'
[2020-04-07 05:32:45.570] [renderer1] [warning] [File Watcher (chokidar)] Error: ELOOP: too many symbolic links encountered, stat '/home/loki/snapd/src/go/src/github.com/snapcore/snapd/tests/lib/snaps/test-snapd-validate-container-failures/hell/bar -> baz -> qux'
[2020-04-07 05:32:45.570] [renderer1] [warning] [File Watcher (chokidar)] Error: ELOOP: too many symbolic links encountered, stat '/home/loki/snapd/src/go/src/github.com/snapcore/snapd/tests/lib/snaps/test-snapd-validate-container-failures/hell/bar -> qux'
[2020-04-07 05:32:45.570] [renderer1] [warning] [File Watcher (chokidar)] Error: ELOOP: too many symbolic links encountered, stat '/home/loki/snapd/src/go/src/github.com/snapcore/snapd/tests/lib/snaps/test-snapd-validate-container-failures/hell/baz'
[2020-04-07 05:32:45.570] [renderer1] [warning] [File Watcher (chokidar)] Error: ELOOP: too many symbolic links encountered, stat '/home/loki/snapd/src/go/src/github.com/snapcore/snapd/tests/lib/snaps/test-snapd-validate-container-failures/hell/baz -> qux'
[2020-04-07 05:32:45.570] [renderer1] [warning] [File Watcher (chokidar)] Error: ELOOP: too many symbolic links encountered, stat '/home/loki/snapd/src/go/src/github.com/snapcore/snapd/tests/lib/snaps/test-snapd-validate-container-failures/hell/foo'
[2020-04-07 05:32:45.570] [renderer1] [warning] [File Watcher (chokidar)] Error: ELOOP: too many symbolic links encountered, stat '/home/loki/snapd/src/go/src/github.com/snapcore/snapd/tests/lib/snaps/test-snapd-validate-container-failures/hell/foo -> bar'
[2020-04-07 05:32:45.570] [renderer1] [warning] [File Watcher (chokidar)] Error: ELOOP: too many symbolic links encountered, stat '/home/loki/snapd/src/go/src/github.com/snapcore/snapd/tests/lib/snaps/test-snapd-validate-container-failures/hell/foo -> bar -> baz'
[2020-04-07 05:32:45.570] [renderer1] [warning] [File Watcher (chokidar)] Error: ELOOP: too many symbolic links encountered, stat '/home/loki/snapd/src/go/src/github.com/snapcore/snapd/tests/lib/snaps/test-snapd-validate-container-failures/hell/foo -> bar -> qux'
[2020-04-07 05:32:45.571] [renderer1] [warning] [File Watcher (chokidar)] Error: ELOOP: too many symbolic links encountered, stat '/home/loki/snapd/src/go/src/github.com/snapcore/snapd/tests/lib/snaps/test-snapd-validate-container-failures/hell/foo -> baz'
[2020-04-07 05:32:45.571] [renderer1] [warning] [File Watcher (chokidar)] Error: ELOOP: too many symbolic links encountered, stat '/home/loki/snapd/src/go/src/github.com/snapcore/snapd/tests/lib/snaps/test-snapd-validate-container-failures/hell/foo -> baz -> qux'
[2020-04-07 05:32:45.571] [renderer1] [warning] [File Watcher (chokidar)] Error: ELOOP: too many symbolic links encountered, stat '/home/loki/snapd/src/go/src/github.com/snapcore/snapd/tests/lib/snaps/test-snapd-validate-container-failures/hell/foo -> qux'
[2020-04-07 05:32:45.571] [renderer1] [warning] [File Watcher (chokidar)] Error: ELOOP: too many symbolic links encountered, stat '/home/loki/snapd/src/go/src/github.com/snapcore/snapd/tests/lib/snaps/test-snapd-validate-container-failures/hell/qux'
