[2020-04-06 14:40:13.211] [exthost] [info] extension host started
[2020-04-06 14:40:13.239] [exthost] [info] ExtensionService#_doActivateExtension vscode.debug-auto-launch {"startup":true,"extensionId":{"value":"vscode.debug-auto-launch","_lower":"vscode.debug-auto-launch"},"activationEvent":"*"}
[2020-04-06 14:40:13.239] [exthost] [info] ExtensionService#loadCommonJSModule file:///opt/visual-studio-code-insiders/resources/app/extensions/debug-auto-launch/dist/extension
[2020-04-06 14:40:13.254] [exthost] [info] ExtensionService#_doActivateExtension vscode.emmet {"startup":true,"extensionId":{"value":"vscode.emmet","_lower":"vscode.emmet"},"activationEvent":"*"}
[2020-04-06 14:40:13.254] [exthost] [info] ExtensionService#loadCommonJSModule file:///opt/visual-studio-code-insiders/resources/app/extensions/emmet/dist/extension
[2020-04-06 14:40:13.282] [exthost] [info] ExtensionService#_doActivateExtension vscode.git {"startup":true,"extensionId":{"value":"vscode.git","_lower":"vscode.git"},"activationEvent":"*"}
[2020-04-06 14:40:13.282] [exthost] [info] ExtensionService#loadCommonJSModule file:///opt/visual-studio-code-insiders/resources/app/extensions/git/dist/main
[2020-04-06 14:40:13.322] [exthost] [info] ExtensionService#_doActivateExtension vscode.github-authentication {"startup":true,"extensionId":{"value":"vscode.github-authentication","_lower":"vscode.github-authentication"},"activationEvent":"*"}
[2020-04-06 14:40:13.323] [exthost] [info] ExtensionService#loadCommonJSModule file:///opt/visual-studio-code-insiders/resources/app/extensions/github-authentication/dist/extension.js
[2020-04-06 14:40:13.336] [exthost] [info] ExtensionService#_doActivateExtension vscode.merge-conflict {"startup":true,"extensionId":{"value":"vscode.merge-conflict","_lower":"vscode.merge-conflict"},"activationEvent":"*"}
[2020-04-06 14:40:13.336] [exthost] [info] ExtensionService#loadCommonJSModule file:///opt/visual-studio-code-insiders/resources/app/extensions/merge-conflict/dist/extension
[2020-04-06 14:40:13.340] [exthost] [info] ExtensionService#_doActivateExtension vscode.search-result {"startup":true,"extensionId":{"value":"vscode.search-result","_lower":"vscode.search-result"},"activationEvent":"*"}
[2020-04-06 14:40:13.340] [exthost] [info] ExtensionService#loadCommonJSModule file:///opt/visual-studio-code-insiders/resources/app/extensions/search-result/dist/extension.js
[2020-04-06 14:40:13.342] [exthost] [info] ExtensionService#_doActivateExtension vscode.vscode-account {"startup":true,"extensionId":{"value":"vscode.vscode-account","_lower":"vscode.vscode-account"},"activationEvent":"*"}
[2020-04-06 14:40:13.342] [exthost] [info] ExtensionService#loadCommonJSModule file:///opt/visual-studio-code-insiders/resources/app/extensions/vscode-account/dist/extension.js
[2020-04-06 14:40:13.347] [exthost] [info] ExtensionService#_doActivateExtension christian-kohler.path-intellisense {"startup":true,"extensionId":{"value":"christian-kohler.path-intellisense","_lower":"christian-kohler.path-intellisense"},"activationEvent":"*"}
[2020-04-06 14:40:13.347] [exthost] [info] ExtensionService#loadCommonJSModule file:///home/loki/.vscode-insiders/extensions/christian-kohler.path-intellisense-1.4.2/out/src/extension
[2020-04-06 14:40:13.370] [exthost] [info] ExtensionService#_doActivateExtension CoenraadS.bracket-pair-colorizer {"startup":true,"extensionId":{"value":"CoenraadS.bracket-pair-colorizer","_lower":"coenraads.bracket-pair-colorizer"},"activationEvent":"*"}
[2020-04-06 14:40:13.370] [exthost] [info] ExtensionService#loadCommonJSModule file:///home/loki/.vscode-insiders/extensions/coenraads.bracket-pair-colorizer-1.0.61/out/src/extension
[2020-04-06 14:40:13.401] [exthost] [info] ExtensionService#_doActivateExtension cssho.vscode-svgviewer {"startup":true,"extensionId":{"value":"cssho.vscode-svgviewer","_lower":"cssho.vscode-svgviewer"},"activationEvent":"*"}
[2020-04-06 14:40:13.401] [exthost] [info] ExtensionService#loadCommonJSModule file:///home/loki/.vscode-insiders/extensions/cssho.vscode-svgviewer-2.0.0/out/src/extension
[2020-04-06 14:40:13.438] [exthost] [info] ExtensionService#_doActivateExtension dbaeumer.vscode-eslint {"startup":true,"extensionId":{"value":"dbaeumer.vscode-eslint","_lower":"dbaeumer.vscode-eslint"},"activationEvent":"*"}
[2020-04-06 14:40:13.438] [exthost] [info] ExtensionService#loadCommonJSModule file:///home/loki/.vscode-insiders/extensions/dbaeumer.vscode-eslint-2.1.2/client/out/extension
[2020-04-06 14:40:13.457] [exthost] [info] ExtensionService#_doActivateExtension EditorConfig.EditorConfig {"startup":true,"extensionId":{"value":"EditorConfig.EditorConfig","_lower":"editorconfig.editorconfig"},"activationEvent":"*"}
[2020-04-06 14:40:13.458] [exthost] [info] ExtensionService#loadCommonJSModule file:///home/loki/.vscode-insiders/extensions/editorconfig.editorconfig-0.14.4/out/editorConfigMain.js
[2020-04-06 14:40:13.488] [exthost] [info] ExtensionService#_doActivateExtension esbenp.prettier-vscode {"startup":true,"extensionId":{"value":"esbenp.prettier-vscode","_lower":"esbenp.prettier-vscode"},"activationEvent":"*"}
[2020-04-06 14:40:13.488] [exthost] [info] ExtensionService#loadCommonJSModule file:///home/loki/.vscode-insiders/extensions/esbenp.prettier-vscode-4.0.0/dist/extension
[2020-04-06 14:40:13.644] [exthost] [info] ExtensionService#_doActivateExtension formulahendry.auto-close-tag {"startup":true,"extensionId":{"value":"formulahendry.auto-close-tag","_lower":"formulahendry.auto-close-tag"},"activationEvent":"*"}
[2020-04-06 14:40:13.644] [exthost] [info] ExtensionService#loadCommonJSModule file:///home/loki/.vscode-insiders/extensions/formulahendry.auto-close-tag-0.5.6/out/src/extension
[2020-04-06 14:40:13.645] [exthost] [info] ExtensionService#_doActivateExtension formulahendry.auto-rename-tag {"startup":true,"extensionId":{"value":"formulahendry.auto-rename-tag","_lower":"formulahendry.auto-rename-tag"},"activationEvent":"*"}
[2020-04-06 14:40:13.646] [exthost] [info] ExtensionService#loadCommonJSModule file:///home/loki/.vscode-insiders/extensions/formulahendry.auto-rename-tag-0.1.1/out/src/extension
[2020-04-06 14:40:13.648] [exthost] [info] ExtensionService#_doActivateExtension formulahendry.terminal {"startup":true,"extensionId":{"value":"formulahendry.terminal","_lower":"formulahendry.terminal"},"activationEvent":"*"}
[2020-04-06 14:40:13.648] [exthost] [info] ExtensionService#loadCommonJSModule file:///home/loki/.vscode-insiders/extensions/formulahendry.terminal-0.0.10/out/src/extension
[2020-04-06 14:40:13.680] [exthost] [info] ExtensionService#_doActivateExtension ms-vscode.sublime-keybindings {"startup":true,"extensionId":{"value":"ms-vscode.sublime-keybindings","_lower":"ms-vscode.sublime-keybindings"},"activationEvent":"*"}
[2020-04-06 14:40:13.680] [exthost] [info] ExtensionService#loadCommonJSModule file:///home/loki/.vscode-insiders/extensions/ms-vscode.sublime-keybindings-4.0.6/out/extension
[2020-04-06 14:40:13.687] [exthost] [info] ExtensionService#_doActivateExtension naumovs.color-highlight {"startup":true,"extensionId":{"value":"naumovs.color-highlight","_lower":"naumovs.color-highlight"},"activationEvent":"*"}
[2020-04-06 14:40:13.687] [exthost] [info] ExtensionService#loadCommonJSModule file:///home/loki/.vscode-insiders/extensions/naumovs.color-highlight-2.3.0/dist/extension
[2020-04-06 14:40:13.699] [exthost] [info] ExtensionService#_doActivateExtension nowsci.glassit-linux {"startup":true,"extensionId":{"value":"nowsci.glassit-linux","_lower":"nowsci.glassit-linux"},"activationEvent":"*"}
[2020-04-06 14:40:13.699] [exthost] [info] ExtensionService#loadCommonJSModule file:///home/loki/.vscode-insiders/extensions/nowsci.glassit-linux-1.0.0/extension.js
[2020-04-06 14:40:13.700] [exthost] [info] ExtensionService#_doActivateExtension Shan.code-settings-sync {"startup":true,"extensionId":{"value":"Shan.code-settings-sync","_lower":"shan.code-settings-sync"},"activationEvent":"*"}
[2020-04-06 14:40:13.700] [exthost] [info] ExtensionService#loadCommonJSModule file:///home/loki/.vscode-insiders/extensions/shan.code-settings-sync-3.4.3/out/extension.js
[2020-04-06 14:40:13.801] [exthost] [info] ExtensionService#_doActivateExtension tombonnike.vscode-status-bar-format-toggle {"startup":true,"extensionId":{"value":"tombonnike.vscode-status-bar-format-toggle","_lower":"tombonnike.vscode-status-bar-format-toggle"},"activationEvent":"*"}
[2020-04-06 14:40:13.801] [exthost] [info] ExtensionService#loadCommonJSModule file:///home/loki/.vscode-insiders/extensions/tombonnike.vscode-status-bar-format-toggle-2.0.0/out/extension
[2020-04-06 14:40:13.806] [exthost] [info] ExtensionService#_doActivateExtension ms-vscode.cpptools {"startup":true,"extensionId":{"value":"vsciot-vscode.vscode-arduino","_lower":"vsciot-vscode.vscode-arduino"},"activationEvent":"*"}
[2020-04-06 14:40:13.806] [exthost] [info] ExtensionService#loadCommonJSModule file:///home/loki/.vscode-insiders/extensions/ms-vscode.cpptools-0.27.0/dist/main
[2020-04-06 14:40:13.870] [exthost] [info] ExtensionService#_doActivateExtension vscode-icons-team.vscode-icons {"startup":true,"extensionId":{"value":"vscode-icons-team.vscode-icons","_lower":"vscode-icons-team.vscode-icons"},"activationEvent":"*"}
[2020-04-06 14:40:13.870] [exthost] [info] ExtensionService#loadCommonJSModule file:///home/loki/.vscode-insiders/extensions/vscode-icons-team.vscode-icons-10.0.0/dist/src/vscode-icons.bundle.js
[2020-04-06 14:40:13.917] [exthost] [info] ExtensionService#_doActivateExtension wayou.vscode-todo-highlight {"startup":true,"extensionId":{"value":"wayou.vscode-todo-highlight","_lower":"wayou.vscode-todo-highlight"},"activationEvent":"*"}
[2020-04-06 14:40:13.917] [exthost] [info] ExtensionService#loadCommonJSModule file:///home/loki/.vscode-insiders/extensions/wayou.vscode-todo-highlight-1.0.4/src/extension
[2020-04-06 14:40:13.920] [exthost] [info] ExtensionService#_doActivateExtension Wscats.eno {"startup":true,"extensionId":{"value":"Wscats.eno","_lower":"wscats.eno"},"activationEvent":"*"}
[2020-04-06 14:40:13.920] [exthost] [info] ExtensionService#loadCommonJSModule file:///home/loki/.vscode-insiders/extensions/wscats.eno-2.1.4/extension
[2020-04-06 14:40:15.828] [exthost] [info] ExtensionService#_doActivateExtension mauve.terraform {"startup":true,"extensionId":{"value":"mauve.terraform","_lower":"mauve.terraform"},"activationEvent":"workspaceContains:**/*.tf"}
[2020-04-06 14:40:15.828] [exthost] [info] ExtensionService#loadCommonJSModule file:///home/loki/.vscode-insiders/extensions/mauve.terraform-1.4.0/out/src/extension
[2020-04-06 14:40:18.726] [exthost] [info] ExtensionService#_doActivateExtension vsciot-vscode.vscode-arduino {"startup":true,"extensionId":{"value":"vsciot-vscode.vscode-arduino","_lower":"vsciot-vscode.vscode-arduino"},"activationEvent":"*"}
[2020-04-06 14:40:18.726] [exthost] [info] ExtensionService#loadCommonJSModule file:///home/loki/.vscode-insiders/extensions/vsciot-vscode.vscode-arduino-0.3.0/out/src/extension
[2020-04-06 14:40:19.093] [exthost] [info] eager extensions activated
