Initializing document watcher...
loki/.zshrc: {}
loki/.bashrc: {}
loki/.zshrc: {}
loki/.zshrc: {}
loki/.zshrc: {}
loki/.bashrc: {}
loki/.zshrc: {}
loki/.bashrc: {}
loki/.zshrc: {}
loki/.zshrc: Using EditorConfig core...
loki/.zshrc: {}
loki/.zshrc: {}
loki/.zshrc: Using EditorConfig core...
loki/.zshrc: {}
loki/.zshrc: {}
loki/.bashrc: {}
loki/.zshrc: {}
loki/.bashrc: {}
loki/.zshrc: {}
loki/.zshrc: Using EditorConfig core...
loki/.zshrc: {}
loki/.bashrc: {}
loki/.zshrc: {}
loki/.zshrc: Using EditorConfig core...
loki/.bashrc: {}
loki/.zshrc: {}
loki/.bashrc: {}
loki/.zshrc: {}
loki/.zshrc: Using EditorConfig core...
loki/.zshrc: Using EditorConfig core...
loki/.bashrc: {}
loki/.zshrc: {}
loki/.bashrc: {}
loki/.zshrc: {}
loki/.bashrc: {}
loki/.zshrc: {}
loki/.bashrc: {}
loki/.zshrc: {}
loki/.bashrc: {}
loki/.zshrc: {}
loki/.zshrc: {}
loki/.zshrc: {}
loki/.zshrc: {}
loki/.zshrc: {}
loki/.zshrc: {}
loki/.zshrc: {}
loki/.zshrc: {}
loki/.zshrc: {}
loki/.zshrc: Using EditorConfig core...
loki/.zshrc: Using EditorConfig core...
loki/.zshrc: Using EditorConfig core...
loki/.zshrc: Using EditorConfig core...
loki/.zshrc: Using EditorConfig core...
loki/.zshrc: {}
loki/.zshrc: Using EditorConfig core...
loki/.zshrc: {}
loki/.zshrc: {}
loki/.zshrc: {}
loki/.zshrc: {}
loki/.zshrc: {}
loki/.zshrc: Using EditorConfig core...
loki/.zshrc: {}
loki/.bashrc: {}
loki/.bashrc: {}
loki/.zsh.d/powerline: {}
loki/.zsh.d/powerline: Using EditorConfig core...
loki/.zsh.d/powerline: Using EditorConfig core...
loki/.zsh.d/powerline: Using EditorConfig core...
loki/.bashrc: {}
loki/.zsh.d/powerline: {}
loki/.zsh.d/powerline: Using EditorConfig core...
loki/.bashrc: {}
loki/.zsh.d/serverless: {}
loki/.zsh.d/serverless: {}
loki/.zsh.d/serverless: {}
loki/.zsh.d/pwhash.sh: {}
loki/.zsh.d/pwhash.sh: Using EditorConfig core...
loki/.bashrc: {}
loki/.zsh.d/pwhash.sh: {}
loki/.zsh.d/sdl.sh: {}
loki/.zsh.d/sdl.sh: Using EditorConfig core...
loki/.bashrc: {}
loki/.bashrc: {}
loki/.zshrc: {}
loki/.zsh.d/sshme: {}
loki/.zsh.d/shell: {}
loki/.zsh.d/serverless: {}
loki/.zsh.d/pwhash.sh: {}
loki/.zsh.d/sdl.sh: {}
loki/.zsh.d/pwhash.sh: {}
loki/.zsh.d/fixpermissions.sh: {}
loki/.zsh.d/fixpermissions.sh: Using EditorConfig core...
loki/.zsh.d/backup.sh: {}
loki/.zsh.d/backup.sh: Using EditorConfig core...
loki/.zsh.d/go: {}
loki/.zsh.d/backup.sh: {}
loki/.zsh.d/fixpermissions.sh: {}
No more open editors.
loki/.bashrc: {}
loki/.zshrc: {}
loki/.zshrc: {}
loki/.zshrc: Using EditorConfig core...
loki/.zshrc: {}
loki/.zshrc: Using EditorConfig core...
loki/.zshrc: {}
loki/.zshrc: {}
loki/.zshrc: {}
loki/.zshrc: {}
loki/.zshrc: {}
loki/.zshrc: {}
loki/.zshrc: {}
loki/.zshrc: {}
loki/.zshrc: {}
loki/.zshrc: {}
loki/.zshrc: {}
loki/.zshrc: {}
loki/.zshrc: {}
loki/.zshrc: {}
loki/.zshrc: {}
loki/.zshrc: {}
loki/.zshrc: {}
loki/.zshrc: {}
loki/.zshrc: {}
loki/.zshrc: {}
loki/.zshrc: {}
loki/.zshrc: {}
loki/.zshrc: {}
loki/.zshrc: {}
No more open editors.
No more open editors.
No more open editors.
No more open editors.
No more open editors.
No more open editors.
No more open editors.
No more open editors.
No more open editors.
No more open editors.
No more open editors.
No more open editors.
No more open editors.
loki/.zshrc: {}
loki/.zshrc: {}
loki/.zshrc: {}
loki/.zshrc: {}
loki/.zshrc: {}
loki/.zshrc: {}
loki/.zshrc: {}
loki/.zshrc: {}
loki/.zshrc: {}
loki/.zshrc: {}
loki/.zshrc: {}
loki/.zshrc: {}
loki/.zshrc: {}
loki/.zshrc: {}
loki/.zshrc: {}
loki/.zshrc: {}
loki/.zshrc: {}
loki/.zshrc: {}
loki/.zshrc: {}
loki/.zshrc: {}
loki/.zshrc: {}
loki/.zshrc: {}
loki/.zshrc: {}
loki/.zshrc: {}
loki/.zshrc: {}
loki/.zshrc: {}
loki/.zshrc: Using EditorConfig core...
No more open editors.
No more open editors.
No more open editors.
No more open editors.
No more open editors.
No more open editors.
No more open editors.
No more open editors.
No more open editors.
No more open editors.
No more open editors.
No more open editors.
No more open editors.
No more open editors.
No more open editors.
No more open editors.
No more open editors.
No more open editors.
No more open editors.
No more open editors.
No more open editors.
No more open editors.
No more open editors.
No more open editors.
