[2020-04-08 19:35:38.978] [sharedprocess] [info] main {"machineId":"e2ceb5a28f9777c2fe88760f5635d0cbafa4aeacfe1fe47b63c9b8bfe93a23b4","windowId":3}
[2020-04-08 19:35:41.858] [sharedprocess] [info] Installing extension: editorconfig.editorconfig
[2020-04-08 19:35:41.859] [sharedprocess] [info] Installing extension: ms-vscode-remote.remote-containers
[2020-04-08 19:35:41.859] [sharedprocess] [info] Installing extension: syler.sass-indented
[2020-04-08 19:35:42.997] [sharedprocess] [info] Downloaded extension: editorconfig.editorconfig /tmp/15e15800-4b6e-4e0c-b10a-9775aa6e5bf0
[2020-04-08 19:35:43.250] [sharedprocess] [info] Extracted extension to /home/loki/.vscode-insiders/extensions/.editorconfig.editorconfig-0.14.5: editorconfig.editorconfig
[2020-04-08 19:35:43.251] [sharedprocess] [info] Renamed to /home/loki/.vscode-insiders/extensions/editorconfig.editorconfig-0.14.5
[2020-04-08 19:35:43.252] [sharedprocess] [info] Installation completed. editorconfig.editorconfig
[2020-04-08 19:35:43.263] [sharedprocess] [info] Extensions installed successfully: editorconfig.editorconfig
[2020-04-08 19:35:43.754] [sharedprocess] [info] Downloaded extension: syler.sass-indented /tmp/d0a975b1-2b90-4bfb-995e-e9ebf1bbffca
[2020-04-08 19:35:43.836] [sharedprocess] [info] Extracted extension to /home/loki/.vscode-insiders/extensions/.syler.sass-indented-1.8.2: syler.sass-indented
[2020-04-08 19:35:43.836] [sharedprocess] [info] Renamed to /home/loki/.vscode-insiders/extensions/syler.sass-indented-1.8.2
[2020-04-08 19:35:43.839] [sharedprocess] [info] Installation completed. syler.sass-indented
[2020-04-08 19:35:43.847] [sharedprocess] [info] Extensions installed successfully: syler.sass-indented
[2020-04-08 19:35:50.098] [sharedprocess] [info] Downloaded extension: ms-vscode-remote.remote-containers /tmp/62214164-ff84-4ed2-9bee-b5c096716440
[2020-04-08 19:35:50.374] [sharedprocess] [info] Extracted extension to /home/loki/.vscode-insiders/extensions/.ms-vscode-remote.remote-containers-0.111.0: ms-vscode-remote.remote-containers
[2020-04-08 19:35:50.375] [sharedprocess] [info] Renamed to /home/loki/.vscode-insiders/extensions/ms-vscode-remote.remote-containers-0.111.0
[2020-04-08 19:35:50.375] [sharedprocess] [info] Installation completed. ms-vscode-remote.remote-containers
[2020-04-08 19:35:50.381] [sharedprocess] [info] Extensions installed successfully: ms-vscode-remote.remote-containers
[2020-04-08 19:36:19.026] [sharedprocess] [info] Starting to clean up unused language packs.
