00:00:00.366969 VirtualBox GUI VM Selector Window 6.1.4 r136177 linux.amd64 (Apr  1 2020 12:25:06) release log
00:00:00.366971 Log opened 2020-04-05T06:30:55.949203000Z
00:00:00.366971 Build Type: release
00:00:00.366973 OS Product: Linux
00:00:00.366974 OS Release: 5.5.13-arch2-1
00:00:00.366974 OS Version: #1 SMP PREEMPT Mon, 30 Mar 2020 20:42:41 +0000
00:00:00.366998 DMI Product Name: XPS 13 7390 2-in-1
00:00:00.367009 DMI Product Version: 
00:00:00.367014 Firmware type: UEFI
00:00:00.367568 Secure Boot: Disabled
00:00:00.367620 Host RAM: 31889MB (31.1GB) total, 28202MB (27.5GB) available
00:00:00.367623 Executable: /usr/lib/virtualbox/VirtualBox
00:00:00.367623 Process ID: 222196
00:00:00.367623 Package type: LINUX_64BITS_GENERIC (OSE)
00:00:00.367659 Qt version: 5.14.2
00:00:00.393103 GUI: UIMediumEnumerator: Medium-enumeration started...
00:00:00.393141 GUI: UIMediumEnumerator: Medium-enumeration finished!
00:00:00.644296 GUI: UIDesktopWidgetWatchdog::sltHandleHostScreenAvailableGeometryCalculated: Screen 0 work area is actually resized to: 1541x65 x 492x1072
00:33:44.959632 GUI: UIMediumEnumerator: Medium with key={{5ef399e5-f5a8-4292-b6d9-aba0507b1e3a}} created
00:33:45.060188 GUI: UIMediumEnumerator: Medium-enumeration finished!
00:35:45.199906 ERROR [COM]: aRC=NS_ERROR_UNEXPECTED (0x8000ffff) aIID={c0447716-ff5a-4795-b57a-ecd5fffa18a4} aComponent={SessionWrap} aText={The session is not locked (session state: Unlocked)}, preserve=false aResultDetail=0
