[2020-04-05 01:25:29.338] [exthost] [info] extension host started
[2020-04-05 01:25:29.354] [exthost] [info] ExtensionService#_doActivateExtension vscode.debug-auto-launch {"startup":true,"extensionId":{"value":"vscode.debug-auto-launch","_lower":"vscode.debug-auto-launch"},"activationEvent":"*"}
[2020-04-05 01:25:29.355] [exthost] [info] ExtensionService#loadCommonJSModule file:///opt/visual-studio-code-insiders/resources/app/extensions/debug-auto-launch/dist/extension
[2020-04-05 01:25:29.359] [exthost] [info] ExtensionService#_doActivateExtension vscode.emmet {"startup":true,"extensionId":{"value":"vscode.emmet","_lower":"vscode.emmet"},"activationEvent":"*"}
[2020-04-05 01:25:29.360] [exthost] [info] ExtensionService#loadCommonJSModule file:///opt/visual-studio-code-insiders/resources/app/extensions/emmet/dist/extension
[2020-04-05 01:25:29.376] [exthost] [info] ExtensionService#_doActivateExtension vscode.git {"startup":true,"extensionId":{"value":"vscode.git","_lower":"vscode.git"},"activationEvent":"*"}
[2020-04-05 01:25:29.376] [exthost] [info] ExtensionService#loadCommonJSModule file:///opt/visual-studio-code-insiders/resources/app/extensions/git/dist/main
[2020-04-05 01:25:29.408] [exthost] [info] ExtensionService#_doActivateExtension vscode.github-authentication {"startup":true,"extensionId":{"value":"vscode.github-authentication","_lower":"vscode.github-authentication"},"activationEvent":"*"}
[2020-04-05 01:25:29.408] [exthost] [info] ExtensionService#loadCommonJSModule file:///opt/visual-studio-code-insiders/resources/app/extensions/github-authentication/dist/extension.js
[2020-04-05 01:25:29.411] [exthost] [info] ExtensionService#_doActivateExtension vscode.merge-conflict {"startup":true,"extensionId":{"value":"vscode.merge-conflict","_lower":"vscode.merge-conflict"},"activationEvent":"*"}
[2020-04-05 01:25:29.411] [exthost] [info] ExtensionService#loadCommonJSModule file:///opt/visual-studio-code-insiders/resources/app/extensions/merge-conflict/dist/extension
[2020-04-05 01:25:29.416] [exthost] [info] ExtensionService#_doActivateExtension vscode.search-result {"startup":true,"extensionId":{"value":"vscode.search-result","_lower":"vscode.search-result"},"activationEvent":"*"}
[2020-04-05 01:25:29.416] [exthost] [info] ExtensionService#loadCommonJSModule file:///opt/visual-studio-code-insiders/resources/app/extensions/search-result/dist/extension.js
[2020-04-05 01:25:29.417] [exthost] [info] ExtensionService#_doActivateExtension vscode.vscode-account {"startup":true,"extensionId":{"value":"vscode.vscode-account","_lower":"vscode.vscode-account"},"activationEvent":"*"}
[2020-04-05 01:25:29.417] [exthost] [info] ExtensionService#loadCommonJSModule file:///opt/visual-studio-code-insiders/resources/app/extensions/vscode-account/dist/extension.js
[2020-04-05 01:25:29.420] [exthost] [info] eager extensions activated
[2020-04-05 01:25:55.315] [exthost] [info] ExtensionService#_doActivateExtension nowsci.glassit-linux {"startup":false,"extensionId":{"value":"nowsci.glassit-linux","_lower":"nowsci.glassit-linux"},"activationEvent":"*"}
[2020-04-05 01:25:55.315] [exthost] [info] ExtensionService#loadCommonJSModule file:///home/loki/.vscode-insiders/extensions/nowsci.glassit-linux-1.0.0/extension.js
[2020-04-05 01:26:14.455] [exthost] [info] ExtensionService#_doActivateExtension vscode.configuration-editing {"startup":false,"extensionId":{"value":"vscode.configuration-editing","_lower":"vscode.configuration-editing"},"activationEvent":"onLanguage:json"}
[2020-04-05 01:26:14.455] [exthost] [info] ExtensionService#loadCommonJSModule file:///opt/visual-studio-code-insiders/resources/app/extensions/configuration-editing/dist/extension
[2020-04-05 01:26:14.460] [exthost] [info] ExtensionService#_doActivateExtension vscode.extension-editing {"startup":false,"extensionId":{"value":"vscode.extension-editing","_lower":"vscode.extension-editing"},"activationEvent":"onLanguage:json"}
[2020-04-05 01:26:14.460] [exthost] [info] ExtensionService#loadCommonJSModule file:///opt/visual-studio-code-insiders/resources/app/extensions/extension-editing/dist/extension
[2020-04-05 01:26:14.472] [exthost] [info] ExtensionService#_doActivateExtension vscode.json-language-features {"startup":false,"extensionId":{"value":"vscode.json-language-features","_lower":"vscode.json-language-features"},"activationEvent":"onLanguage:json"}
[2020-04-05 01:26:14.472] [exthost] [info] ExtensionService#loadCommonJSModule file:///opt/visual-studio-code-insiders/resources/app/extensions/json-language-features/client/dist/jsonMain
[2020-04-05 01:26:14.498] [exthost] [info] ExtensionService#_doActivateExtension ms-vscode.js-debug-nightly {"startup":false,"extensionId":{"value":"ms-vscode.js-debug-nightly","_lower":"ms-vscode.js-debug-nightly"},"activationEvent":"onLanguage:json"}
[2020-04-05 01:26:14.498] [exthost] [info] ExtensionService#loadCommonJSModule file:///opt/visual-studio-code-insiders/resources/app/extensions/ms-vscode.js-debug-nightly/src/extension.js
[2020-04-05 01:26:14.696] [exthost] [info] ExtensionService#_doActivateExtension vscode.npm {"startup":false,"extensionId":{"value":"vscode.npm","_lower":"vscode.npm"},"activationEvent":"onLanguage:json"}
[2020-04-05 01:26:14.696] [exthost] [info] ExtensionService#loadCommonJSModule file:///opt/visual-studio-code-insiders/resources/app/extensions/npm/dist/main
[2020-04-05 01:26:14.702] [exthost] [info] ExtensionService#_doActivateExtension vscode.typescript-language-features {"startup":false,"extensionId":{"value":"vscode.typescript-language-features","_lower":"vscode.typescript-language-features"},"activationEvent":"onLanguage:javascript"}
[2020-04-05 01:26:14.702] [exthost] [info] ExtensionService#loadCommonJSModule file:///opt/visual-studio-code-insiders/resources/app/extensions/typescript-language-features/dist/extension
[2020-04-05 01:26:18.312] [exthost] [info] ExtensionService#_doActivateExtension ms-vscode.cpptools {"startup":false,"extensionId":{"value":"ms-vscode.cpptools","_lower":"ms-vscode.cpptools"},"activationEvent":"*"}
[2020-04-05 01:26:18.312] [exthost] [info] ExtensionService#loadCommonJSModule file:///home/loki/.vscode-insiders/extensions/ms-vscode.cpptools-0.27.0/dist/main
[2020-04-05 01:26:18.603] [exthost] [info] ExtensionService#_doActivateExtension dbaeumer.vscode-eslint {"startup":false,"extensionId":{"value":"dbaeumer.vscode-eslint","_lower":"dbaeumer.vscode-eslint"},"activationEvent":"*"}
[2020-04-05 01:26:18.603] [exthost] [info] ExtensionService#loadCommonJSModule file:///home/loki/.vscode-insiders/extensions/dbaeumer.vscode-eslint-2.1.2/client/out/extension
[2020-04-05 01:26:21.186] [exthost] [info] ExtensionService#_doActivateExtension esbenp.prettier-vscode {"startup":false,"extensionId":{"value":"esbenp.prettier-vscode","_lower":"esbenp.prettier-vscode"},"activationEvent":"*"}
[2020-04-05 01:26:21.186] [exthost] [info] ExtensionService#loadCommonJSModule file:///home/loki/.vscode-insiders/extensions/esbenp.prettier-vscode-4.0.0/dist/extension
[2020-04-05 01:26:33.397] [exthost] [info] ExtensionService#_doActivateExtension VisualStudioExptTeam.vscodeintellicode {"startup":false,"extensionId":{"value":"VisualStudioExptTeam.vscodeintellicode","_lower":"visualstudioexptteam.vscodeintellicode"},"activationEvent":"onLanguage:javascript"}
[2020-04-05 01:26:33.397] [exthost] [info] ExtensionService#loadCommonJSModule file:///home/loki/.vscode-insiders/extensions/visualstudioexptteam.vscodeintellicode-1.2.6/dist/intellicode
[2020-04-05 01:26:33.686] [exthost] [info] ExtensionService#_doActivateExtension vscode-icons-team.vscode-icons {"startup":false,"extensionId":{"value":"vscode-icons-team.vscode-icons","_lower":"vscode-icons-team.vscode-icons"},"activationEvent":"*"}
[2020-04-05 01:26:33.686] [exthost] [info] ExtensionService#loadCommonJSModule file:///home/loki/.vscode-insiders/extensions/vscode-icons-team.vscode-icons-10.0.0/dist/src/vscode-icons.bundle.js
[2020-04-05 01:26:53.706] [exthost] [info] ExtensionService#_doActivateExtension vscode.html-language-features {"startup":false,"extensionId":{"value":"vscode.html-language-features","_lower":"vscode.html-language-features"},"activationEvent":"onLanguage:html"}
[2020-04-05 01:26:53.706] [exthost] [info] ExtensionService#loadCommonJSModule file:///opt/visual-studio-code-insiders/resources/app/extensions/html-language-features/client/dist/htmlMain
[2020-04-05 01:27:01.523] [exthost] [info] ExtensionService#_doActivateExtension christian-kohler.path-intellisense {"startup":false,"extensionId":{"value":"christian-kohler.path-intellisense","_lower":"christian-kohler.path-intellisense"},"activationEvent":"*"}
[2020-04-05 01:27:01.523] [exthost] [info] ExtensionService#loadCommonJSModule file:///home/loki/.vscode-insiders/extensions/christian-kohler.path-intellisense-1.4.2/out/src/extension
[2020-04-05 01:27:03.866] [exthost] [info] ExtensionService#_doActivateExtension CoenraadS.bracket-pair-colorizer {"startup":false,"extensionId":{"value":"CoenraadS.bracket-pair-colorizer","_lower":"coenraads.bracket-pair-colorizer"},"activationEvent":"*"}
[2020-04-05 01:27:03.866] [exthost] [info] ExtensionService#loadCommonJSModule file:///home/loki/.vscode-insiders/extensions/coenraads.bracket-pair-colorizer-1.0.61/out/src/extension
[2020-04-05 01:27:05.353] [exthost] [info] ExtensionService#_doActivateExtension formulahendry.auto-close-tag {"startup":false,"extensionId":{"value":"formulahendry.auto-close-tag","_lower":"formulahendry.auto-close-tag"},"activationEvent":"*"}
[2020-04-05 01:27:05.353] [exthost] [info] ExtensionService#loadCommonJSModule file:///home/loki/.vscode-insiders/extensions/formulahendry.auto-close-tag-0.5.6/out/src/extension
[2020-04-05 01:27:23.412] [exthost] [info] ExtensionService#_doActivateExtension EditorConfig.EditorConfig {"startup":false,"extensionId":{"value":"EditorConfig.EditorConfig","_lower":"editorconfig.editorconfig"},"activationEvent":"*"}
[2020-04-05 01:27:23.412] [exthost] [info] ExtensionService#loadCommonJSModule file:///home/loki/.vscode-insiders/extensions/editorconfig.editorconfig-0.14.4/out/editorConfigMain.js
[2020-04-05 01:27:23.979] [exthost] [info] ExtensionService#_doActivateExtension Wscats.eno {"startup":false,"extensionId":{"value":"Wscats.eno","_lower":"wscats.eno"},"activationEvent":"*"}
[2020-04-05 01:27:23.979] [exthost] [info] ExtensionService#loadCommonJSModule file:///home/loki/.vscode-insiders/extensions/wscats.eno-2.1.4/extension
[2020-04-05 01:27:55.284] [exthost] [info] ExtensionService#_doActivateExtension formulahendry.auto-rename-tag {"startup":false,"extensionId":{"value":"formulahendry.auto-rename-tag","_lower":"formulahendry.auto-rename-tag"},"activationEvent":"*"}
[2020-04-05 01:27:55.284] [exthost] [info] ExtensionService#loadCommonJSModule file:///home/loki/.vscode-insiders/extensions/formulahendry.auto-rename-tag-0.1.1/out/src/extension
[2020-04-05 01:28:18.432] [exthost] [info] ExtensionService#_doActivateExtension Shan.code-settings-sync {"startup":false,"extensionId":{"value":"Shan.code-settings-sync","_lower":"shan.code-settings-sync"},"activationEvent":"*"}
[2020-04-05 01:28:18.432] [exthost] [info] ExtensionService#loadCommonJSModule file:///home/loki/.vscode-insiders/extensions/shan.code-settings-sync-3.4.3/out/extension.js
[2020-04-05 01:29:47.431] [exthost] [info] ExtensionService#_doActivateExtension naumovs.color-highlight {"startup":false,"extensionId":{"value":"naumovs.color-highlight","_lower":"naumovs.color-highlight"},"activationEvent":"*"}
[2020-04-05 01:29:47.431] [exthost] [info] ExtensionService#loadCommonJSModule file:///home/loki/.vscode-insiders/extensions/naumovs.color-highlight-2.3.0/dist/extension
[2020-04-05 01:29:53.450] [exthost] [info] ExtensionService#_doActivateExtension wayou.vscode-todo-highlight {"startup":false,"extensionId":{"value":"wayou.vscode-todo-highlight","_lower":"wayou.vscode-todo-highlight"},"activationEvent":"*"}
[2020-04-05 01:29:53.450] [exthost] [info] ExtensionService#loadCommonJSModule file:///home/loki/.vscode-insiders/extensions/wayou.vscode-todo-highlight-1.0.4/src/extension
[2020-04-05 01:30:22.553] [exthost] [info] ExtensionService#_doActivateExtension steoates.autoimport {"startup":false,"extensionId":{"value":"steoates.autoimport","_lower":"steoates.autoimport"},"activationEvent":"onLanguage:typescript"}
[2020-04-05 01:30:22.553] [exthost] [info] ExtensionService#loadCommonJSModule file:///home/loki/.vscode-insiders/extensions/steoates.autoimport-1.5.3/out/src/extension
[2020-04-05 01:30:48.058] [exthost] [info] ExtensionService#_doActivateExtension ms-vscode-remote.remote-containers {"startup":false,"extensionId":{"value":"ms-vscode-remote.remote-containers","_lower":"ms-vscode-remote.remote-containers"},"activationEvent":"workspaceContains:.devcontainer/devcontainer.json"}
[2020-04-05 01:30:48.058] [exthost] [info] ExtensionService#loadCommonJSModule file:///home/loki/.vscode-insiders/extensions/ms-vscode-remote.remote-containers-0.110.0/dist/extension
[2020-04-05 01:31:01.560] [exthost] [info] ExtensionService#_doActivateExtension formulahendry.terminal {"startup":false,"extensionId":{"value":"formulahendry.terminal","_lower":"formulahendry.terminal"},"activationEvent":"*"}
[2020-04-05 01:31:01.560] [exthost] [info] ExtensionService#loadCommonJSModule file:///home/loki/.vscode-insiders/extensions/formulahendry.terminal-0.0.10/out/src/extension
[2020-04-05 01:31:01.676] [exthost] [info] ExtensionService#_doActivateExtension vsciot-vscode.vscode-arduino {"startup":false,"extensionId":{"value":"vsciot-vscode.vscode-arduino","_lower":"vsciot-vscode.vscode-arduino"},"activationEvent":"*"}
[2020-04-05 01:31:01.676] [exthost] [info] ExtensionService#loadCommonJSModule file:///home/loki/.vscode-insiders/extensions/vsciot-vscode.vscode-arduino-0.3.0/out/src/extension
[2020-04-05 01:31:48.853] [exthost] [info] ExtensionService#_doActivateExtension vscode.css-language-features {"startup":false,"extensionId":{"value":"vscode.css-language-features","_lower":"vscode.css-language-features"},"activationEvent":"onLanguage:scss"}
[2020-04-05 01:31:48.853] [exthost] [info] ExtensionService#loadCommonJSModule file:///opt/visual-studio-code-insiders/resources/app/extensions/css-language-features/client/dist/cssMain
[2020-04-05 01:31:53.945] [exthost] [info] ExtensionService#_doActivateExtension mauve.terraform {"startup":false,"extensionId":{"value":"mauve.terraform","_lower":"mauve.terraform"},"activationEvent":"workspaceContains:**/*.tf"}
[2020-04-05 01:31:53.946] [exthost] [info] ExtensionService#loadCommonJSModule file:///home/loki/.vscode-insiders/extensions/mauve.terraform-1.4.0/out/src/extension
[2020-04-05 01:32:24.504] [exthost] [info] ExtensionService#_doActivateExtension wix.vscode-import-cost {"startup":false,"extensionId":{"value":"wix.vscode-import-cost","_lower":"wix.vscode-import-cost"},"activationEvent":"onLanguage:javascript"}
[2020-04-05 01:32:24.504] [exthost] [info] ExtensionService#loadCommonJSModule file:///home/loki/.vscode-insiders/extensions/wix.vscode-import-cost-2.12.0/out/src/extension
[2020-04-05 01:33:01.384] [exthost] [info] ExtensionService#_doActivateExtension cssho.vscode-svgviewer {"startup":false,"extensionId":{"value":"cssho.vscode-svgviewer","_lower":"cssho.vscode-svgviewer"},"activationEvent":"*"}
[2020-04-05 01:33:01.385] [exthost] [info] ExtensionService#loadCommonJSModule file:///home/loki/.vscode-insiders/extensions/cssho.vscode-svgviewer-2.0.0/out/src/extension
[2020-04-05 01:33:18.835] [exthost] [info] ExtensionService#_doActivateExtension mrmlnc.vscode-scss {"startup":false,"extensionId":{"value":"mrmlnc.vscode-scss","_lower":"mrmlnc.vscode-scss"},"activationEvent":"onLanguage:scss"}
[2020-04-05 01:33:18.835] [exthost] [info] ExtensionService#loadCommonJSModule file:///home/loki/.vscode-insiders/extensions/mrmlnc.vscode-scss-0.9.0/out/client.js
[2020-04-05 01:35:01.590] [exthost] [info] ExtensionService#_doActivateExtension sibiraj-s.vscode-scss-formatter {"startup":false,"extensionId":{"value":"sibiraj-s.vscode-scss-formatter","_lower":"sibiraj-s.vscode-scss-formatter"},"activationEvent":"onLanguage:scss"}
[2020-04-05 01:35:01.590] [exthost] [info] ExtensionService#loadCommonJSModule file:///home/loki/.vscode-insiders/extensions/sibiraj-s.vscode-scss-formatter-2.0.0/out/extension
[2020-04-05 01:36:15.889] [exthost] [info] ExtensionService#_doActivateExtension christian-kohler.npm-intellisense {"startup":false,"extensionId":{"value":"christian-kohler.npm-intellisense","_lower":"christian-kohler.npm-intellisense"},"activationEvent":"onLanguage:typescript"}
[2020-04-05 01:36:15.889] [exthost] [info] ExtensionService#loadCommonJSModule file:///home/loki/.vscode-insiders/extensions/christian-kohler.npm-intellisense-1.3.0/out/src/extension
[2020-04-05 01:36:15.931] [exthost] [info] ExtensionService#_doActivateExtension tombonnike.vscode-status-bar-format-toggle {"startup":false,"extensionId":{"value":"tombonnike.vscode-status-bar-format-toggle","_lower":"tombonnike.vscode-status-bar-format-toggle"},"activationEvent":"*"}
[2020-04-05 01:36:15.931] [exthost] [info] ExtensionService#loadCommonJSModule file:///home/loki/.vscode-insiders/extensions/tombonnike.vscode-status-bar-format-toggle-2.0.0/out/extension
[2020-04-05 01:36:15.994] [exthost] [info] ExtensionService#_doActivateExtension eg2.vscode-npm-script {"startup":false,"extensionId":{"value":"eg2.vscode-npm-script","_lower":"eg2.vscode-npm-script"},"activationEvent":"onLanguage:json"}
[2020-04-05 01:36:15.994] [exthost] [info] ExtensionService#loadCommonJSModule file:///home/loki/.vscode-insiders/extensions/eg2.vscode-npm-script-0.3.11/dist/extension
[2020-04-05 01:39:59.687] [exthost] [info] ExtensionService#_doActivateExtension bbenoist.vagrant {"startup":false,"extensionId":{"value":"bbenoist.vagrant","_lower":"bbenoist.vagrant"},"activationEvent":"workspaceContains:Vagrantfile"}
[2020-04-05 01:39:59.687] [exthost] [info] ExtensionService#loadCommonJSModule file:///home/loki/.vscode-insiders/extensions/bbenoist.vagrant-0.5.0/out/src/extension
