Looking for git in: git
Using git 2.26.0 from git
> git rev-parse --show-toplevel
> git rev-parse --git-dir
Open repository: /home/loki/.dotfiles
> git status -z -u
> git symbolic-ref --short HEAD
> git rev-parse master
> git rev-parse --symbolic-full-name master@{u}
> git rev-list --left-right master...refs/remotes/origin/master
> git for-each-ref --format %(refname) %(objectname) --sort -committerdate
> git remote --verbose
Failed to watch ref '/home/loki/.dotfiles/.git/refs/remotes/origin/master', is most likely packed.
Error: ENOENT: no such file or directory, watch '/home/loki/.dotfiles/.git/refs/remotes/origin/master'
	at FSWatcher.start (internal/fs/watchers.js:165:26)
	at Object.watch (fs.js:1270:11)
	at Object.t.watch (/opt/visual-studio-code-insiders/resources/app/extensions/git/dist/main.js:1:598241)
	at T.updateTransientWatchers (/opt/visual-studio-code-insiders/resources/app/extensions/git/dist/main.js:1:83843)
	at e.fire (/opt/visual-studio-code-insiders/resources/app/out/vs/workbench/services/extensions/node/extensionHostProcess.js:48:517)
	at e.updateModelState (/opt/visual-studio-code-insiders/resources/app/extensions/git/dist/main.js:1:102713)
> git check-ignore -v -z --stdin
> git config --get commit.template
> git show :zsh.d/powerline
> git ls-files --stage -- /home/loki/.dotfiles/zsh.d/powerline
