[Info  - 5:37:16 PM] ESLint server stopped.
[Info  - 5:37:16 PM] ESLint server running in node v12.8.1
[Info  - 5:37:17 PM] ESLint server is running.
[Info  - 5:37:17 PM] ESLint library loaded from: /home/loki/projects.io/nestCodex/backend/node_modules/eslint/lib/api.js
(node:8799) UnhandledPromiseRejectionWarning: Error: Failed to load plugin '@typescript-eslint' declared in 'backend/.eslintrc.js': Cannot find module '@typescript-eslint/eslint-plugin'
Require stack:
- /home/loki/projects.io/nestCodex/__placeholder__.js
Referenced from: /home/loki/projects.io/nestCodex/backend/.eslintrc.js
    at Function.Module._resolveFilename (internal/modules/cjs/loader.js:717:15)
    at Function.resolve (internal/modules/cjs/helpers.js:74:19)
    at Object.resolve (/home/loki/projects.io/nestCodex/backend/node_modules/eslint/lib/shared/relative-module-resolver.js:44:50)
    at ConfigArrayFactory._loadPlugin (/home/loki/projects.io/nestCodex/backend/node_modules/eslint/lib/cli-engine/config-array-factory.js:959:39)
    at ConfigArrayFactory._loadExtendedPluginConfig (/home/loki/projects.io/nestCodex/backend/node_modules/eslint/lib/cli-engine/config-array-factory.js:779:29)
    at ConfigArrayFactory._loadExtends (/home/loki/projects.io/nestCodex/backend/node_modules/eslint/lib/cli-engine/config-array-factory.js:725:29)
    at ConfigArrayFactory._normalizeObjectConfigDataBody (/home/loki/projects.io/nestCodex/backend/node_modules/eslint/lib/cli-engine/config-array-factory.js:660:25)
    at _normalizeObjectConfigDataBody.next (<anonymous>)
    at ConfigArrayFactory._normalizeObjectConfigData (/home/loki/projects.io/nestCodex/backend/node_modules/eslint/lib/cli-engine/config-array-factory.js:596:20)
    at _normalizeObjectConfigData.next (<anonymous>)
(node:8799) UnhandledPromiseRejectionWarning: Error: Failed to load plugin '@typescript-eslint' declared in 'backend/.eslintrc.js': Cannot find module '@typescript-eslint/eslint-plugin'
Require stack:
- /home/loki/projects.io/nestCodex/__placeholder__.js
Referenced from: /home/loki/projects.io/nestCodex/backend/.eslintrc.js
    at Function.Module._resolveFilename (internal/modules/cjs/loader.js:717:15)
    at Function.resolve (internal/modules/cjs/helpers.js:74:19)
    at Object.resolve (/home/loki/projects.io/nestCodex/backend/node_modules/eslint/lib/shared/relative-module-resolver.js:44:50)
    at ConfigArrayFactory._loadPlugin (/home/loki/projects.io/nestCodex/backend/node_modules/eslint/lib/cli-engine/config-array-factory.js:959:39)
    at ConfigArrayFactory._loadExtendedPluginConfig (/home/loki/projects.io/nestCodex/backend/node_modules/eslint/lib/cli-engine/config-array-factory.js:779:29)
    at ConfigArrayFactory._loadExtends (/home/loki/projects.io/nestCodex/backend/node_modules/eslint/lib/cli-engine/config-array-factory.js:725:29)
    at ConfigArrayFactory._normalizeObjectConfigDataBody (/home/loki/projects.io/nestCodex/backend/node_modules/eslint/lib/cli-engine/config-array-factory.js:660:25)
    at _normalizeObjectConfigDataBody.next (<anonymous>)
    at ConfigArrayFactory._normalizeObjectConfigData (/home/loki/projects.io/nestCodex/backend/node_modules/eslint/lib/cli-engine/config-array-factory.js:596:20)
    at _normalizeObjectConfigData.next (<anonymous>)
(node:8799) UnhandledPromiseRejectionWarning: Unhandled promise rejection. This error originated either by throwing inside of an async function without a catch block, or by rejecting a promise which was not handled with .catch(). (rejection id: 1)
(node:8799) UnhandledPromiseRejectionWarning: Unhandled promise rejection. This error originated either by throwing inside of an async function without a catch block, or by rejecting a promise which was not handled with .catch(). (rejection id: 1)
(node:8799) [DEP0018] DeprecationWarning: Unhandled promise rejections are deprecated. In the future, promise rejections that are not handled will terminate the Node.js process with a non-zero exit code.
(node:8799) [DEP0018] DeprecationWarning: Unhandled promise rejections are deprecated. In the future, promise rejections that are not handled will terminate the Node.js process with a non-zero exit code.
(node:8799) UnhandledPromiseRejectionWarning: Error: Failed to load plugin '@typescript-eslint' declared in 'backend/.eslintrc.js': Cannot find module '@typescript-eslint/eslint-plugin'
Require stack:
- /home/loki/projects.io/nestCodex/__placeholder__.js
Referenced from: /home/loki/projects.io/nestCodex/backend/.eslintrc.js
    at Function.Module._resolveFilename (internal/modules/cjs/loader.js:717:15)
    at Function.resolve (internal/modules/cjs/helpers.js:74:19)
    at Object.resolve (/home/loki/projects.io/nestCodex/backend/node_modules/eslint/lib/shared/relative-module-resolver.js:44:50)
    at ConfigArrayFactory._loadPlugin (/home/loki/projects.io/nestCodex/backend/node_modules/eslint/lib/cli-engine/config-array-factory.js:959:39)
    at ConfigArrayFactory._loadExtendedPluginConfig (/home/loki/projects.io/nestCodex/backend/node_modules/eslint/lib/cli-engine/config-array-factory.js:779:29)
    at ConfigArrayFactory._loadExtends (/home/loki/projects.io/nestCodex/backend/node_modules/eslint/lib/cli-engine/config-array-factory.js:725:29)
    at ConfigArrayFactory._normalizeObjectConfigDataBody (/home/loki/projects.io/nestCodex/backend/node_modules/eslint/lib/cli-engine/config-array-factory.js:660:25)
    at _normalizeObjectConfigDataBody.next (<anonymous>)
    at ConfigArrayFactory._normalizeObjectConfigData (/home/loki/projects.io/nestCodex/backend/node_modules/eslint/lib/cli-engine/config-array-factory.js:596:20)
    at _normalizeObjectConfigData.next (<anonymous>)
(node:8799) UnhandledPromiseRejectionWarning: Error: Failed to load plugin '@typescript-eslint' declared in 'backend/.eslintrc.js': Cannot find module '@typescript-eslint/eslint-plugin'
Require stack:
- /home/loki/projects.io/nestCodex/__placeholder__.js
Referenced from: /home/loki/projects.io/nestCodex/backend/.eslintrc.js
    at Function.Module._resolveFilename (internal/modules/cjs/loader.js:717:15)
    at Function.resolve (internal/modules/cjs/helpers.js:74:19)
    at Object.resolve (/home/loki/projects.io/nestCodex/backend/node_modules/eslint/lib/shared/relative-module-resolver.js:44:50)
    at ConfigArrayFactory._loadPlugin (/home/loki/projects.io/nestCodex/backend/node_modules/eslint/lib/cli-engine/config-array-factory.js:959:39)
    at ConfigArrayFactory._loadExtendedPluginConfig (/home/loki/projects.io/nestCodex/backend/node_modules/eslint/lib/cli-engine/config-array-factory.js:779:29)
    at ConfigArrayFactory._loadExtends (/home/loki/projects.io/nestCodex/backend/node_modules/eslint/lib/cli-engine/config-array-factory.js:725:29)
    at ConfigArrayFactory._normalizeObjectConfigDataBody (/home/loki/projects.io/nestCodex/backend/node_modules/eslint/lib/cli-engine/config-array-factory.js:660:25)
    at _normalizeObjectConfigDataBody.next (<anonymous>)
    at ConfigArrayFactory._normalizeObjectConfigData (/home/loki/projects.io/nestCodex/backend/node_modules/eslint/lib/cli-engine/config-array-factory.js:596:20)
    at _normalizeObjectConfigData.next (<anonymous>)
(node:8799) UnhandledPromiseRejectionWarning: Unhandled promise rejection. This error originated either by throwing inside of an async function without a catch block, or by rejecting a promise which was not handled with .catch(). (rejection id: 2)
(node:8799) UnhandledPromiseRejectionWarning: Unhandled promise rejection. This error originated either by throwing inside of an async function without a catch block, or by rejecting a promise which was not handled with .catch(). (rejection id: 2)
(node:8799) UnhandledPromiseRejectionWarning: Error: Failed to load plugin '@typescript-eslint' declared in 'backend/.eslintrc.js': Cannot find module '@typescript-eslint/eslint-plugin'
Require stack:
- /home/loki/projects.io/nestCodex/__placeholder__.js
Referenced from: /home/loki/projects.io/nestCodex/backend/.eslintrc.js
    at Function.Module._resolveFilename (internal/modules/cjs/loader.js:717:15)
    at Function.resolve (internal/modules/cjs/helpers.js:74:19)
    at Object.resolve (/home/loki/projects.io/nestCodex/backend/node_modules/eslint/lib/shared/relative-module-resolver.js:44:50)
    at ConfigArrayFactory._loadPlugin (/home/loki/projects.io/nestCodex/backend/node_modules/eslint/lib/cli-engine/config-array-factory.js:959:39)
    at ConfigArrayFactory._loadExtendedPluginConfig (/home/loki/projects.io/nestCodex/backend/node_modules/eslint/lib/cli-engine/config-array-factory.js:779:29)
    at ConfigArrayFactory._loadExtends (/home/loki/projects.io/nestCodex/backend/node_modules/eslint/lib/cli-engine/config-array-factory.js:725:29)
    at ConfigArrayFactory._normalizeObjectConfigDataBody (/home/loki/projects.io/nestCodex/backend/node_modules/eslint/lib/cli-engine/config-array-factory.js:660:25)
    at _normalizeObjectConfigDataBody.next (<anonymous>)
    at ConfigArrayFactory._normalizeObjectConfigData (/home/loki/projects.io/nestCodex/backend/node_modules/eslint/lib/cli-engine/config-array-factory.js:596:20)
    at _normalizeObjectConfigData.next (<anonymous>)
(node:8799) UnhandledPromiseRejectionWarning: Error: Failed to load plugin '@typescript-eslint' declared in 'backend/.eslintrc.js': Cannot find module '@typescript-eslint/eslint-plugin'
Require stack:
- /home/loki/projects.io/nestCodex/__placeholder__.js
Referenced from: /home/loki/projects.io/nestCodex/backend/.eslintrc.js
    at Function.Module._resolveFilename (internal/modules/cjs/loader.js:717:15)
    at Function.resolve (internal/modules/cjs/helpers.js:74:19)
    at Object.resolve (/home/loki/projects.io/nestCodex/backend/node_modules/eslint/lib/shared/relative-module-resolver.js:44:50)
    at ConfigArrayFactory._loadPlugin (/home/loki/projects.io/nestCodex/backend/node_modules/eslint/lib/cli-engine/config-array-factory.js:959:39)
    at ConfigArrayFactory._loadExtendedPluginConfig (/home/loki/projects.io/nestCodex/backend/node_modules/eslint/lib/cli-engine/config-array-factory.js:779:29)
    at ConfigArrayFactory._loadExtends (/home/loki/projects.io/nestCodex/backend/node_modules/eslint/lib/cli-engine/config-array-factory.js:725:29)
    at ConfigArrayFactory._normalizeObjectConfigDataBody (/home/loki/projects.io/nestCodex/backend/node_modules/eslint/lib/cli-engine/config-array-factory.js:660:25)
    at _normalizeObjectConfigDataBody.next (<anonymous>)
    at ConfigArrayFactory._normalizeObjectConfigData (/home/loki/projects.io/nestCodex/backend/node_modules/eslint/lib/cli-engine/config-array-factory.js:596:20)
    at _normalizeObjectConfigData.next (<anonymous>)
(node:8799) UnhandledPromiseRejectionWarning: Unhandled promise rejection. This error originated either by throwing inside of an async function without a catch block, or by rejecting a promise which was not handled with .catch(). (rejection id: 3)
(node:8799) UnhandledPromiseRejectionWarning: Unhandled promise rejection. This error originated either by throwing inside of an async function without a catch block, or by rejecting a promise which was not handled with .catch(). (rejection id: 3)
[Info  - 5:37:45 PM] ESLint server stopped.
