[2020-04-04 23:56:40.592] [sharedprocess] [info] main {"machineId":"e2ceb5a28f9777c2fe88760f5635d0cbafa4aeacfe1fe47b63c9b8bfe93a23b4","windowId":2}
[2020-04-04 23:57:20.604] [sharedprocess] [info] Starting to clean up unused language packs.
[2020-04-04 23:58:55.173] [sharedprocess] [info] Installing extension: ms-vscode.sublime-keybindings
[2020-04-04 23:58:55.956] [sharedprocess] [info] Downloaded extension: ms-vscode.sublime-keybindings /tmp/8c2b21a1-366b-4969-acbd-d099c7010eda
[2020-04-04 23:58:56.014] [sharedprocess] [info] Extracted extension to /home/loki/.vscode/extensions/.ms-vscode.sublime-keybindings-4.0.6: ms-vscode.sublime-keybindings
[2020-04-04 23:58:56.014] [sharedprocess] [info] Renamed to /home/loki/.vscode/extensions/ms-vscode.sublime-keybindings-4.0.6
[2020-04-04 23:58:56.015] [sharedprocess] [info] Installation completed. ms-vscode.sublime-keybindings
[2020-04-04 23:58:56.019] [sharedprocess] [info] Extensions installed successfully: ms-vscode.sublime-keybindings
[2020-04-04 23:59:01.125] [sharedprocess] [info] Installing extension: gerane.theme-harper
[2020-04-04 23:59:03.102] [sharedprocess] [info] Downloaded extension: gerane.theme-harper /tmp/7b8180ba-84fe-4109-9566-f37ea270aee2
[2020-04-04 23:59:03.110] [sharedprocess] [info] Extracted extension to /home/loki/.vscode/extensions/.gerane.theme-harper-0.0.5: gerane.theme-harper
[2020-04-04 23:59:03.111] [sharedprocess] [info] Renamed to /home/loki/.vscode/extensions/gerane.theme-harper-0.0.5
[2020-04-04 23:59:03.111] [sharedprocess] [info] Installation completed. gerane.theme-harper
[2020-04-04 23:59:03.114] [sharedprocess] [info] Extensions installed successfully: gerane.theme-harper
[2020-04-05 00:02:45.712] [sharedprocess] [info] Installing extension: nowsci.glassit-linux
[2020-04-05 00:02:47.694] [sharedprocess] [info] Downloaded extension: nowsci.glassit-linux /tmp/a061f908-6a3d-4df6-88a7-1cd4f0769bde
[2020-04-05 00:02:47.702] [sharedprocess] [info] Extracted extension to /home/loki/.vscode/extensions/.nowsci.glassit-linux-1.0.0: nowsci.glassit-linux
[2020-04-05 00:02:47.702] [sharedprocess] [info] Renamed to /home/loki/.vscode/extensions/nowsci.glassit-linux-1.0.0
[2020-04-05 00:02:47.703] [sharedprocess] [info] Installation completed. nowsci.glassit-linux
[2020-04-05 00:02:47.726] [sharedprocess] [info] Extensions installed successfully: nowsci.glassit-linux
