[2020-04-05 11:10:33.972] [exthost] [info] extension host started
[2020-04-05 11:10:33.992] [exthost] [info] ExtensionService#_doActivateExtension vscode.extension-editing {"startup":false,"extensionId":{"value":"vscode.extension-editing","_lower":"vscode.extension-editing"},"activationEvent":"onLanguage:typescript"}
[2020-04-05 11:10:33.992] [exthost] [info] ExtensionService#loadCommonJSModule file:///opt/visual-studio-code-insiders/resources/app/extensions/extension-editing/dist/extension
[2020-04-05 11:10:34.002] [exthost] [info] ExtensionService#_doActivateExtension vscode.typescript-language-features {"startup":false,"extensionId":{"value":"vscode.typescript-language-features","_lower":"vscode.typescript-language-features"},"activationEvent":"onLanguage:typescript"}
[2020-04-05 11:10:34.002] [exthost] [info] ExtensionService#loadCommonJSModule file:///opt/visual-studio-code-insiders/resources/app/extensions/typescript-language-features/dist/extension
[2020-04-05 11:10:34.021] [exthost] [info] ExtensionService#_doActivateExtension christian-kohler.npm-intellisense {"startup":false,"extensionId":{"value":"christian-kohler.npm-intellisense","_lower":"christian-kohler.npm-intellisense"},"activationEvent":"onLanguage:typescript"}
[2020-04-05 11:10:34.021] [exthost] [info] ExtensionService#loadCommonJSModule file:///home/loki/.vscode-insiders/extensions/christian-kohler.npm-intellisense-1.3.0/out/src/extension
[2020-04-05 11:10:34.035] [exthost] [info] ExtensionService#_doActivateExtension steoates.autoimport {"startup":false,"extensionId":{"value":"steoates.autoimport","_lower":"steoates.autoimport"},"activationEvent":"onLanguage:typescript"}
[2020-04-05 11:10:34.035] [exthost] [info] ExtensionService#loadCommonJSModule file:///home/loki/.vscode-insiders/extensions/steoates.autoimport-1.5.3/out/src/extension
[2020-04-05 11:10:34.054] [exthost] [info] ExtensionService#_doActivateExtension VisualStudioExptTeam.vscodeintellicode {"startup":false,"extensionId":{"value":"VisualStudioExptTeam.vscodeintellicode","_lower":"visualstudioexptteam.vscodeintellicode"},"activationEvent":"onLanguage:typescript"}
[2020-04-05 11:10:34.054] [exthost] [info] ExtensionService#loadCommonJSModule file:///home/loki/.vscode-insiders/extensions/visualstudioexptteam.vscodeintellicode-1.2.6/dist/intellicode
[2020-04-05 11:10:34.106] [exthost] [info] ExtensionService#_doActivateExtension wix.vscode-import-cost {"startup":false,"extensionId":{"value":"wix.vscode-import-cost","_lower":"wix.vscode-import-cost"},"activationEvent":"onLanguage:typescript"}
[2020-04-05 11:10:34.106] [exthost] [info] ExtensionService#loadCommonJSModule file:///home/loki/.vscode-insiders/extensions/wix.vscode-import-cost-2.12.0/out/src/extension
[2020-04-05 11:10:34.229] [exthost] [info] ExtensionService#_doActivateExtension vscode.debug-auto-launch {"startup":true,"extensionId":{"value":"vscode.debug-auto-launch","_lower":"vscode.debug-auto-launch"},"activationEvent":"*"}
[2020-04-05 11:10:34.229] [exthost] [info] ExtensionService#loadCommonJSModule file:///opt/visual-studio-code-insiders/resources/app/extensions/debug-auto-launch/dist/extension
[2020-04-05 11:10:34.231] [exthost] [info] ExtensionService#_doActivateExtension vscode.emmet {"startup":true,"extensionId":{"value":"vscode.emmet","_lower":"vscode.emmet"},"activationEvent":"*"}
[2020-04-05 11:10:34.231] [exthost] [info] ExtensionService#loadCommonJSModule file:///opt/visual-studio-code-insiders/resources/app/extensions/emmet/dist/extension
[2020-04-05 11:10:34.248] [exthost] [info] ExtensionService#_doActivateExtension vscode.git {"startup":true,"extensionId":{"value":"vscode.git","_lower":"vscode.git"},"activationEvent":"*"}
[2020-04-05 11:10:34.248] [exthost] [info] ExtensionService#loadCommonJSModule file:///opt/visual-studio-code-insiders/resources/app/extensions/git/dist/main
[2020-04-05 11:10:34.276] [exthost] [info] ExtensionService#_doActivateExtension vscode.github-authentication {"startup":true,"extensionId":{"value":"vscode.github-authentication","_lower":"vscode.github-authentication"},"activationEvent":"*"}
[2020-04-05 11:10:34.276] [exthost] [info] ExtensionService#loadCommonJSModule file:///opt/visual-studio-code-insiders/resources/app/extensions/github-authentication/dist/extension.js
[2020-04-05 11:10:34.284] [exthost] [info] ExtensionService#_doActivateExtension vscode.merge-conflict {"startup":true,"extensionId":{"value":"vscode.merge-conflict","_lower":"vscode.merge-conflict"},"activationEvent":"*"}
[2020-04-05 11:10:34.284] [exthost] [info] ExtensionService#loadCommonJSModule file:///opt/visual-studio-code-insiders/resources/app/extensions/merge-conflict/dist/extension
[2020-04-05 11:10:34.286] [exthost] [info] ExtensionService#_doActivateExtension vscode.search-result {"startup":true,"extensionId":{"value":"vscode.search-result","_lower":"vscode.search-result"},"activationEvent":"*"}
[2020-04-05 11:10:34.286] [exthost] [info] ExtensionService#loadCommonJSModule file:///opt/visual-studio-code-insiders/resources/app/extensions/search-result/dist/extension.js
[2020-04-05 11:10:34.288] [exthost] [info] ExtensionService#_doActivateExtension vscode.vscode-account {"startup":true,"extensionId":{"value":"vscode.vscode-account","_lower":"vscode.vscode-account"},"activationEvent":"*"}
[2020-04-05 11:10:34.288] [exthost] [info] ExtensionService#loadCommonJSModule file:///opt/visual-studio-code-insiders/resources/app/extensions/vscode-account/dist/extension.js
[2020-04-05 11:10:34.291] [exthost] [info] ExtensionService#_doActivateExtension christian-kohler.path-intellisense {"startup":true,"extensionId":{"value":"christian-kohler.path-intellisense","_lower":"christian-kohler.path-intellisense"},"activationEvent":"*"}
[2020-04-05 11:10:34.291] [exthost] [info] ExtensionService#loadCommonJSModule file:///home/loki/.vscode-insiders/extensions/christian-kohler.path-intellisense-1.4.2/out/src/extension
[2020-04-05 11:10:34.302] [exthost] [info] ExtensionService#_doActivateExtension CoenraadS.bracket-pair-colorizer {"startup":true,"extensionId":{"value":"CoenraadS.bracket-pair-colorizer","_lower":"coenraads.bracket-pair-colorizer"},"activationEvent":"*"}
[2020-04-05 11:10:34.302] [exthost] [info] ExtensionService#loadCommonJSModule file:///home/loki/.vscode-insiders/extensions/coenraads.bracket-pair-colorizer-1.0.61/out/src/extension
[2020-04-05 11:10:34.319] [exthost] [info] ExtensionService#_doActivateExtension cssho.vscode-svgviewer {"startup":true,"extensionId":{"value":"cssho.vscode-svgviewer","_lower":"cssho.vscode-svgviewer"},"activationEvent":"*"}
[2020-04-05 11:10:34.319] [exthost] [info] ExtensionService#loadCommonJSModule file:///home/loki/.vscode-insiders/extensions/cssho.vscode-svgviewer-2.0.0/out/src/extension
[2020-04-05 11:10:34.347] [exthost] [info] ExtensionService#_doActivateExtension dbaeumer.vscode-eslint {"startup":true,"extensionId":{"value":"dbaeumer.vscode-eslint","_lower":"dbaeumer.vscode-eslint"},"activationEvent":"*"}
[2020-04-05 11:10:34.347] [exthost] [info] ExtensionService#loadCommonJSModule file:///home/loki/.vscode-insiders/extensions/dbaeumer.vscode-eslint-2.1.2/client/out/extension
[2020-04-05 11:10:34.359] [exthost] [info] ExtensionService#_doActivateExtension EditorConfig.EditorConfig {"startup":true,"extensionId":{"value":"EditorConfig.EditorConfig","_lower":"editorconfig.editorconfig"},"activationEvent":"*"}
[2020-04-05 11:10:34.359] [exthost] [info] ExtensionService#loadCommonJSModule file:///home/loki/.vscode-insiders/extensions/editorconfig.editorconfig-0.14.4/out/editorConfigMain.js
[2020-04-05 11:10:34.382] [exthost] [info] ExtensionService#_doActivateExtension esbenp.prettier-vscode {"startup":true,"extensionId":{"value":"esbenp.prettier-vscode","_lower":"esbenp.prettier-vscode"},"activationEvent":"*"}
[2020-04-05 11:10:34.382] [exthost] [info] ExtensionService#loadCommonJSModule file:///home/loki/.vscode-insiders/extensions/esbenp.prettier-vscode-4.0.0/dist/extension
[2020-04-05 11:10:34.466] [exthost] [info] ExtensionService#_doActivateExtension formulahendry.auto-close-tag {"startup":true,"extensionId":{"value":"formulahendry.auto-close-tag","_lower":"formulahendry.auto-close-tag"},"activationEvent":"*"}
[2020-04-05 11:10:34.466] [exthost] [info] ExtensionService#loadCommonJSModule file:///home/loki/.vscode-insiders/extensions/formulahendry.auto-close-tag-0.5.6/out/src/extension
[2020-04-05 11:10:34.468] [exthost] [info] ExtensionService#_doActivateExtension formulahendry.auto-rename-tag {"startup":true,"extensionId":{"value":"formulahendry.auto-rename-tag","_lower":"formulahendry.auto-rename-tag"},"activationEvent":"*"}
[2020-04-05 11:10:34.468] [exthost] [info] ExtensionService#loadCommonJSModule file:///home/loki/.vscode-insiders/extensions/formulahendry.auto-rename-tag-0.1.1/out/src/extension
[2020-04-05 11:10:34.470] [exthost] [info] ExtensionService#_doActivateExtension formulahendry.terminal {"startup":true,"extensionId":{"value":"formulahendry.terminal","_lower":"formulahendry.terminal"},"activationEvent":"*"}
[2020-04-05 11:10:34.470] [exthost] [info] ExtensionService#loadCommonJSModule file:///home/loki/.vscode-insiders/extensions/formulahendry.terminal-0.0.10/out/src/extension
[2020-04-05 11:10:34.486] [exthost] [info] ExtensionService#_doActivateExtension naumovs.color-highlight {"startup":true,"extensionId":{"value":"naumovs.color-highlight","_lower":"naumovs.color-highlight"},"activationEvent":"*"}
[2020-04-05 11:10:34.486] [exthost] [info] ExtensionService#loadCommonJSModule file:///home/loki/.vscode-insiders/extensions/naumovs.color-highlight-2.3.0/dist/extension
[2020-04-05 11:10:34.491] [exthost] [info] ExtensionService#_doActivateExtension nowsci.glassit-linux {"startup":true,"extensionId":{"value":"nowsci.glassit-linux","_lower":"nowsci.glassit-linux"},"activationEvent":"*"}
[2020-04-05 11:10:34.491] [exthost] [info] ExtensionService#loadCommonJSModule file:///home/loki/.vscode-insiders/extensions/nowsci.glassit-linux-1.0.0/extension.js
[2020-04-05 11:10:34.492] [exthost] [info] ExtensionService#_doActivateExtension Shan.code-settings-sync {"startup":true,"extensionId":{"value":"Shan.code-settings-sync","_lower":"shan.code-settings-sync"},"activationEvent":"*"}
[2020-04-05 11:10:34.492] [exthost] [info] ExtensionService#loadCommonJSModule file:///home/loki/.vscode-insiders/extensions/shan.code-settings-sync-3.4.3/out/extension.js
[2020-04-05 11:10:34.559] [exthost] [info] ExtensionService#_doActivateExtension tombonnike.vscode-status-bar-format-toggle {"startup":true,"extensionId":{"value":"tombonnike.vscode-status-bar-format-toggle","_lower":"tombonnike.vscode-status-bar-format-toggle"},"activationEvent":"*"}
[2020-04-05 11:10:34.559] [exthost] [info] ExtensionService#loadCommonJSModule file:///home/loki/.vscode-insiders/extensions/tombonnike.vscode-status-bar-format-toggle-2.0.0/out/extension
[2020-04-05 11:10:34.566] [exthost] [info] ExtensionService#_doActivateExtension ms-vscode.cpptools {"startup":true,"extensionId":{"value":"vsciot-vscode.vscode-arduino","_lower":"vsciot-vscode.vscode-arduino"},"activationEvent":"*"}
[2020-04-05 11:10:34.566] [exthost] [info] ExtensionService#loadCommonJSModule file:///home/loki/.vscode-insiders/extensions/ms-vscode.cpptools-0.27.0/dist/main
[2020-04-05 11:10:34.613] [exthost] [info] ExtensionService#_doActivateExtension vscode-icons-team.vscode-icons {"startup":true,"extensionId":{"value":"vscode-icons-team.vscode-icons","_lower":"vscode-icons-team.vscode-icons"},"activationEvent":"*"}
[2020-04-05 11:10:34.613] [exthost] [info] ExtensionService#loadCommonJSModule file:///home/loki/.vscode-insiders/extensions/vscode-icons-team.vscode-icons-10.0.0/dist/src/vscode-icons.bundle.js
[2020-04-05 11:10:34.675] [exthost] [info] ExtensionService#_doActivateExtension wayou.vscode-todo-highlight {"startup":true,"extensionId":{"value":"wayou.vscode-todo-highlight","_lower":"wayou.vscode-todo-highlight"},"activationEvent":"*"}
[2020-04-05 11:10:34.675] [exthost] [info] ExtensionService#loadCommonJSModule file:///home/loki/.vscode-insiders/extensions/wayou.vscode-todo-highlight-1.0.4/src/extension
[2020-04-05 11:10:34.678] [exthost] [info] ExtensionService#_doActivateExtension Wscats.eno {"startup":true,"extensionId":{"value":"Wscats.eno","_lower":"wscats.eno"},"activationEvent":"*"}
[2020-04-05 11:10:34.678] [exthost] [info] ExtensionService#loadCommonJSModule file:///home/loki/.vscode-insiders/extensions/wscats.eno-2.1.4/extension
[2020-04-05 11:10:35.736] [exthost] [info] eager extensions activated
[2020-04-05 11:10:37.423] [exthost] [info] ExtensionService#_doActivateExtension vsciot-vscode.vscode-arduino {"startup":true,"extensionId":{"value":"vsciot-vscode.vscode-arduino","_lower":"vsciot-vscode.vscode-arduino"},"activationEvent":"*"}
[2020-04-05 11:10:37.423] [exthost] [info] ExtensionService#loadCommonJSModule file:///home/loki/.vscode-insiders/extensions/vsciot-vscode.vscode-arduino-0.3.0/out/src/extension
[2020-04-05 11:10:38.837] [exthost] [info] ExtensionService#_doActivateExtension vscode.configuration-editing {"startup":false,"extensionId":{"value":"vscode.configuration-editing","_lower":"vscode.configuration-editing"},"activationEvent":"onLanguage:jsonc"}
[2020-04-05 11:10:38.837] [exthost] [info] ExtensionService#loadCommonJSModule file:///opt/visual-studio-code-insiders/resources/app/extensions/configuration-editing/dist/extension
[2020-04-05 11:10:38.842] [exthost] [info] ExtensionService#_doActivateExtension vscode.json-language-features {"startup":false,"extensionId":{"value":"vscode.json-language-features","_lower":"vscode.json-language-features"},"activationEvent":"onLanguage:jsonc"}
[2020-04-05 11:10:38.842] [exthost] [info] ExtensionService#loadCommonJSModule file:///opt/visual-studio-code-insiders/resources/app/extensions/json-language-features/client/dist/jsonMain
[2020-04-05 11:15:23.881] [exthost] [info] [vscode.typescript-language-features] UNSAVE result from 'resolveCompletionItem', extension SHOULD NOT change any of: additionalTextEdits, or command
[2020-04-05 11:15:24.227] [exthost] [error] [vscode.typescript-language-features] provider FAILED
[2020-04-05 11:15:24.228] [exthost] [error] Error: busy
	at a._provideSemanticTokens (/opt/visual-studio-code-insiders/resources/app/extensions/typescript-language-features/dist/extension.js:1:183890)
[2020-04-05 11:15:31.956] [exthost] [error] [vscode.typescript-language-features] provider FAILED
[2020-04-05 11:15:31.956] [exthost] [error] Error: busy
	at a._provideSemanticTokens (/opt/visual-studio-code-insiders/resources/app/extensions/typescript-language-features/dist/extension.js:1:183890)
[2020-04-05 11:15:39.962] [exthost] [error] [vscode.typescript-language-features] provider FAILED
[2020-04-05 11:15:39.962] [exthost] [error] Error: busy
	at a._provideSemanticTokens (/opt/visual-studio-code-insiders/resources/app/extensions/typescript-language-features/dist/extension.js:1:183890)
[2020-04-05 11:18:02.923] [exthost] [error] [vscode.typescript-language-features] provider FAILED
[2020-04-05 11:18:02.923] [exthost] [error] Error: busy
	at a._provideSemanticTokens (/opt/visual-studio-code-insiders/resources/app/extensions/typescript-language-features/dist/extension.js:1:183890)
[2020-04-05 11:21:57.761] [exthost] [error] [vscode.typescript-language-features] provider FAILED
[2020-04-05 11:21:57.761] [exthost] [error] Error: busy
	at a._provideSemanticTokens (/opt/visual-studio-code-insiders/resources/app/extensions/typescript-language-features/dist/extension.js:1:183890)
