[Info  - 11:37:19 PM] ESLint server stopped.
[Info  - 11:37:19 PM] ESLint server running in node v12.8.1
[Info  - 11:37:19 PM] ESLint server is running.
[Info  - 11:37:20 PM] ESLint library loaded from: /home/loki/.nvm/versions/node/v12.16.1/lib/node_modules/eslint/lib/api.js
(node:141674) UnhandledPromiseRejectionWarning: Error: No ESLint configuration found in /home/loki/sites.io/mistys.com.au.
    at CascadingConfigArrayFactory._finalizeConfigArray (/home/loki/.nvm/versions/node/v12.16.1/lib/node_modules/eslint/lib/cli-engine/cascading-config-array-factory.js:432:19)
    at CascadingConfigArrayFactory.getConfigArrayForFile (/home/loki/.nvm/versions/node/v12.16.1/lib/node_modules/eslint/lib/cli-engine/cascading-config-array-factory.js:271:21)
    at CLIEngine.getConfigForFile (/home/loki/.nvm/versions/node/v12.16.1/lib/node_modules/eslint/lib/cli-engine/cli-engine.js:931:14)
    at /home/loki/.vscode-insiders/extensions/dbaeumer.vscode-eslint-2.1.2/server/out/eslintServer.js:1:36902
    at ce (/home/loki/.vscode-insiders/extensions/dbaeumer.vscode-eslint-2.1.2/server/out/eslintServer.js:1:46186)
    at f.then.r.validate (/home/loki/.vscode-insiders/extensions/dbaeumer.vscode-eslint-2.1.2/server/out/eslintServer.js:1:36856)
    at processTicksAndRejections (internal/process/task_queues.js:85:5)
(node:141674) UnhandledPromiseRejectionWarning: Error: No ESLint configuration found in /home/loki/sites.io/mistys.com.au.
    at CascadingConfigArrayFactory._finalizeConfigArray (/home/loki/.nvm/versions/node/v12.16.1/lib/node_modules/eslint/lib/cli-engine/cascading-config-array-factory.js:432:19)
    at CascadingConfigArrayFactory.getConfigArrayForFile (/home/loki/.nvm/versions/node/v12.16.1/lib/node_modules/eslint/lib/cli-engine/cascading-config-array-factory.js:271:21)
    at CLIEngine.getConfigForFile (/home/loki/.nvm/versions/node/v12.16.1/lib/node_modules/eslint/lib/cli-engine/cli-engine.js:931:14)
    at /home/loki/.vscode-insiders/extensions/dbaeumer.vscode-eslint-2.1.2/server/out/eslintServer.js:1:36902
    at ce (/home/loki/.vscode-insiders/extensions/dbaeumer.vscode-eslint-2.1.2/server/out/eslintServer.js:1:46186)
    at f.then.r.validate (/home/loki/.vscode-insiders/extensions/dbaeumer.vscode-eslint-2.1.2/server/out/eslintServer.js:1:36856)
    at processTicksAndRejections (internal/process/task_queues.js:85:5)
(node:141674) UnhandledPromiseRejectionWarning: Unhandled promise rejection. This error originated either by throwing inside of an async function without a catch block, or by rejecting a promise which was not handled with .catch(). (rejection id: 1)
(node:141674) UnhandledPromiseRejectionWarning: Unhandled promise rejection. This error originated either by throwing inside of an async function without a catch block, or by rejecting a promise which was not handled with .catch(). (rejection id: 1)
(node:141674) [DEP0018] DeprecationWarning: Unhandled promise rejections are deprecated. In the future, promise rejections that are not handled will terminate the Node.js process with a non-zero exit code.
(node:141674) [DEP0018] DeprecationWarning: Unhandled promise rejections are deprecated. In the future, promise rejections that are not handled will terminate the Node.js process with a non-zero exit code.
(node:141674) UnhandledPromiseRejectionWarning: Error: No ESLint configuration found in /home/loki/sites.io/mistys.com.au.
    at CascadingConfigArrayFactory._finalizeConfigArray (/home/loki/.nvm/versions/node/v12.16.1/lib/node_modules/eslint/lib/cli-engine/cascading-config-array-factory.js:432:19)
    at CascadingConfigArrayFactory.getConfigArrayForFile (/home/loki/.nvm/versions/node/v12.16.1/lib/node_modules/eslint/lib/cli-engine/cascading-config-array-factory.js:271:21)
    at CLIEngine.getConfigForFile (/home/loki/.nvm/versions/node/v12.16.1/lib/node_modules/eslint/lib/cli-engine/cli-engine.js:931:14)
    at /home/loki/.vscode-insiders/extensions/dbaeumer.vscode-eslint-2.1.2/server/out/eslintServer.js:1:36902
    at ce (/home/loki/.vscode-insiders/extensions/dbaeumer.vscode-eslint-2.1.2/server/out/eslintServer.js:1:46186)
    at f.then.r.validate (/home/loki/.vscode-insiders/extensions/dbaeumer.vscode-eslint-2.1.2/server/out/eslintServer.js:1:36856)
    at processTicksAndRejections (internal/process/task_queues.js:85:5)
(node:141674) UnhandledPromiseRejectionWarning: Error: No ESLint configuration found in /home/loki/sites.io/mistys.com.au.
    at CascadingConfigArrayFactory._finalizeConfigArray (/home/loki/.nvm/versions/node/v12.16.1/lib/node_modules/eslint/lib/cli-engine/cascading-config-array-factory.js:432:19)
    at CascadingConfigArrayFactory.getConfigArrayForFile (/home/loki/.nvm/versions/node/v12.16.1/lib/node_modules/eslint/lib/cli-engine/cascading-config-array-factory.js:271:21)
    at CLIEngine.getConfigForFile (/home/loki/.nvm/versions/node/v12.16.1/lib/node_modules/eslint/lib/cli-engine/cli-engine.js:931:14)
    at /home/loki/.vscode-insiders/extensions/dbaeumer.vscode-eslint-2.1.2/server/out/eslintServer.js:1:36902
    at ce (/home/loki/.vscode-insiders/extensions/dbaeumer.vscode-eslint-2.1.2/server/out/eslintServer.js:1:46186)
    at f.then.r.validate (/home/loki/.vscode-insiders/extensions/dbaeumer.vscode-eslint-2.1.2/server/out/eslintServer.js:1:36856)
    at processTicksAndRejections (internal/process/task_queues.js:85:5)
(node:141674) UnhandledPromiseRejectionWarning: Unhandled promise rejection. This error originated either by throwing inside of an async function without a catch block, or by rejecting a promise which was not handled with .catch(). (rejection id: 2)
(node:141674) UnhandledPromiseRejectionWarning: Unhandled promise rejection. This error originated either by throwing inside of an async function without a catch block, or by rejecting a promise which was not handled with .catch(). (rejection id: 2)
(node:141674) UnhandledPromiseRejectionWarning: Error: No ESLint configuration found in /home/loki/sites.io/mistys.com.au.
    at CascadingConfigArrayFactory._finalizeConfigArray (/home/loki/.nvm/versions/node/v12.16.1/lib/node_modules/eslint/lib/cli-engine/cascading-config-array-factory.js:432:19)
    at CascadingConfigArrayFactory.getConfigArrayForFile (/home/loki/.nvm/versions/node/v12.16.1/lib/node_modules/eslint/lib/cli-engine/cascading-config-array-factory.js:271:21)
    at CLIEngine.getConfigForFile (/home/loki/.nvm/versions/node/v12.16.1/lib/node_modules/eslint/lib/cli-engine/cli-engine.js:931:14)
    at /home/loki/.vscode-insiders/extensions/dbaeumer.vscode-eslint-2.1.2/server/out/eslintServer.js:1:36902
    at ce (/home/loki/.vscode-insiders/extensions/dbaeumer.vscode-eslint-2.1.2/server/out/eslintServer.js:1:46186)
    at f.then.r.validate (/home/loki/.vscode-insiders/extensions/dbaeumer.vscode-eslint-2.1.2/server/out/eslintServer.js:1:36856)
    at processTicksAndRejections (internal/process/task_queues.js:85:5)
(node:141674) UnhandledPromiseRejectionWarning: Error: No ESLint configuration found in /home/loki/sites.io/mistys.com.au.
    at CascadingConfigArrayFactory._finalizeConfigArray (/home/loki/.nvm/versions/node/v12.16.1/lib/node_modules/eslint/lib/cli-engine/cascading-config-array-factory.js:432:19)
    at CascadingConfigArrayFactory.getConfigArrayForFile (/home/loki/.nvm/versions/node/v12.16.1/lib/node_modules/eslint/lib/cli-engine/cascading-config-array-factory.js:271:21)
    at CLIEngine.getConfigForFile (/home/loki/.nvm/versions/node/v12.16.1/lib/node_modules/eslint/lib/cli-engine/cli-engine.js:931:14)
    at /home/loki/.vscode-insiders/extensions/dbaeumer.vscode-eslint-2.1.2/server/out/eslintServer.js:1:36902
    at ce (/home/loki/.vscode-insiders/extensions/dbaeumer.vscode-eslint-2.1.2/server/out/eslintServer.js:1:46186)
    at f.then.r.validate (/home/loki/.vscode-insiders/extensions/dbaeumer.vscode-eslint-2.1.2/server/out/eslintServer.js:1:36856)
    at processTicksAndRejections (internal/process/task_queues.js:85:5)
(node:141674) UnhandledPromiseRejectionWarning: Unhandled promise rejection. This error originated either by throwing inside of an async function without a catch block, or by rejecting a promise which was not handled with .catch(). (rejection id: 3)
(node:141674) UnhandledPromiseRejectionWarning: Unhandled promise rejection. This error originated either by throwing inside of an async function without a catch block, or by rejecting a promise which was not handled with .catch(). (rejection id: 3)
(node:141674) UnhandledPromiseRejectionWarning: Error: No ESLint configuration found in /home/loki/sites.io/mistys.com.au.
    at CascadingConfigArrayFactory._finalizeConfigArray (/home/loki/.nvm/versions/node/v12.16.1/lib/node_modules/eslint/lib/cli-engine/cascading-config-array-factory.js:432:19)
    at CascadingConfigArrayFactory.getConfigArrayForFile (/home/loki/.nvm/versions/node/v12.16.1/lib/node_modules/eslint/lib/cli-engine/cascading-config-array-factory.js:271:21)
    at CLIEngine.getConfigForFile (/home/loki/.nvm/versions/node/v12.16.1/lib/node_modules/eslint/lib/cli-engine/cli-engine.js:931:14)
    at /home/loki/.vscode-insiders/extensions/dbaeumer.vscode-eslint-2.1.2/server/out/eslintServer.js:1:36902
    at ce (/home/loki/.vscode-insiders/extensions/dbaeumer.vscode-eslint-2.1.2/server/out/eslintServer.js:1:46186)
    at f.then.r.validate (/home/loki/.vscode-insiders/extensions/dbaeumer.vscode-eslint-2.1.2/server/out/eslintServer.js:1:36856)
    at processTicksAndRejections (internal/process/task_queues.js:85:5)
(node:141674) UnhandledPromiseRejectionWarning: Error: No ESLint configuration found in /home/loki/sites.io/mistys.com.au.
    at CascadingConfigArrayFactory._finalizeConfigArray (/home/loki/.nvm/versions/node/v12.16.1/lib/node_modules/eslint/lib/cli-engine/cascading-config-array-factory.js:432:19)
    at CascadingConfigArrayFactory.getConfigArrayForFile (/home/loki/.nvm/versions/node/v12.16.1/lib/node_modules/eslint/lib/cli-engine/cascading-config-array-factory.js:271:21)
    at CLIEngine.getConfigForFile (/home/loki/.nvm/versions/node/v12.16.1/lib/node_modules/eslint/lib/cli-engine/cli-engine.js:931:14)
    at /home/loki/.vscode-insiders/extensions/dbaeumer.vscode-eslint-2.1.2/server/out/eslintServer.js:1:36902
    at ce (/home/loki/.vscode-insiders/extensions/dbaeumer.vscode-eslint-2.1.2/server/out/eslintServer.js:1:46186)
    at f.then.r.validate (/home/loki/.vscode-insiders/extensions/dbaeumer.vscode-eslint-2.1.2/server/out/eslintServer.js:1:36856)
    at processTicksAndRejections (internal/process/task_queues.js:85:5)
(node:141674) UnhandledPromiseRejectionWarning: Unhandled promise rejection. This error originated either by throwing inside of an async function without a catch block, or by rejecting a promise which was not handled with .catch(). (rejection id: 4)
(node:141674) UnhandledPromiseRejectionWarning: Unhandled promise rejection. This error originated either by throwing inside of an async function without a catch block, or by rejecting a promise which was not handled with .catch(). (rejection id: 4)
(node:141674) UnhandledPromiseRejectionWarning: Error: No ESLint configuration found in /home/loki/sites.io/mistys.com.au.
    at CascadingConfigArrayFactory._finalizeConfigArray (/home/loki/.nvm/versions/node/v12.16.1/lib/node_modules/eslint/lib/cli-engine/cascading-config-array-factory.js:432:19)
    at CascadingConfigArrayFactory.getConfigArrayForFile (/home/loki/.nvm/versions/node/v12.16.1/lib/node_modules/eslint/lib/cli-engine/cascading-config-array-factory.js:271:21)
    at CLIEngine.getConfigForFile (/home/loki/.nvm/versions/node/v12.16.1/lib/node_modules/eslint/lib/cli-engine/cli-engine.js:931:14)
    at /home/loki/.vscode-insiders/extensions/dbaeumer.vscode-eslint-2.1.2/server/out/eslintServer.js:1:36902
    at ce (/home/loki/.vscode-insiders/extensions/dbaeumer.vscode-eslint-2.1.2/server/out/eslintServer.js:1:46186)
    at f.then.r.validate (/home/loki/.vscode-insiders/extensions/dbaeumer.vscode-eslint-2.1.2/server/out/eslintServer.js:1:36856)
    at processTicksAndRejections (internal/process/task_queues.js:85:5)
(node:141674) UnhandledPromiseRejectionWarning: Error: No ESLint configuration found in /home/loki/sites.io/mistys.com.au.
    at CascadingConfigArrayFactory._finalizeConfigArray (/home/loki/.nvm/versions/node/v12.16.1/lib/node_modules/eslint/lib/cli-engine/cascading-config-array-factory.js:432:19)
    at CascadingConfigArrayFactory.getConfigArrayForFile (/home/loki/.nvm/versions/node/v12.16.1/lib/node_modules/eslint/lib/cli-engine/cascading-config-array-factory.js:271:21)
    at CLIEngine.getConfigForFile (/home/loki/.nvm/versions/node/v12.16.1/lib/node_modules/eslint/lib/cli-engine/cli-engine.js:931:14)
    at /home/loki/.vscode-insiders/extensions/dbaeumer.vscode-eslint-2.1.2/server/out/eslintServer.js:1:36902
    at ce (/home/loki/.vscode-insiders/extensions/dbaeumer.vscode-eslint-2.1.2/server/out/eslintServer.js:1:46186)
    at f.then.r.validate (/home/loki/.vscode-insiders/extensions/dbaeumer.vscode-eslint-2.1.2/server/out/eslintServer.js:1:36856)
    at processTicksAndRejections (internal/process/task_queues.js:85:5)
(node:141674) UnhandledPromiseRejectionWarning: Unhandled promise rejection. This error originated either by throwing inside of an async function without a catch block, or by rejecting a promise which was not handled with .catch(). (rejection id: 5)
(node:141674) UnhandledPromiseRejectionWarning: Unhandled promise rejection. This error originated either by throwing inside of an async function without a catch block, or by rejecting a promise which was not handled with .catch(). (rejection id: 5)
(node:141674) UnhandledPromiseRejectionWarning: Error: No ESLint configuration found in /home/loki/sites.io/mistys.com.au.
    at CascadingConfigArrayFactory._finalizeConfigArray (/home/loki/.nvm/versions/node/v12.16.1/lib/node_modules/eslint/lib/cli-engine/cascading-config-array-factory.js:432:19)
    at CascadingConfigArrayFactory.getConfigArrayForFile (/home/loki/.nvm/versions/node/v12.16.1/lib/node_modules/eslint/lib/cli-engine/cascading-config-array-factory.js:271:21)
    at CLIEngine.getConfigForFile (/home/loki/.nvm/versions/node/v12.16.1/lib/node_modules/eslint/lib/cli-engine/cli-engine.js:931:14)
    at /home/loki/.vscode-insiders/extensions/dbaeumer.vscode-eslint-2.1.2/server/out/eslintServer.js:1:36902
    at ce (/home/loki/.vscode-insiders/extensions/dbaeumer.vscode-eslint-2.1.2/server/out/eslintServer.js:1:46186)
    at f.then.r.validate (/home/loki/.vscode-insiders/extensions/dbaeumer.vscode-eslint-2.1.2/server/out/eslintServer.js:1:36856)
    at processTicksAndRejections (internal/process/task_queues.js:85:5)
(node:141674) UnhandledPromiseRejectionWarning: Error: No ESLint configuration found in /home/loki/sites.io/mistys.com.au.
    at CascadingConfigArrayFactory._finalizeConfigArray (/home/loki/.nvm/versions/node/v12.16.1/lib/node_modules/eslint/lib/cli-engine/cascading-config-array-factory.js:432:19)
    at CascadingConfigArrayFactory.getConfigArrayForFile (/home/loki/.nvm/versions/node/v12.16.1/lib/node_modules/eslint/lib/cli-engine/cascading-config-array-factory.js:271:21)
    at CLIEngine.getConfigForFile (/home/loki/.nvm/versions/node/v12.16.1/lib/node_modules/eslint/lib/cli-engine/cli-engine.js:931:14)
    at /home/loki/.vscode-insiders/extensions/dbaeumer.vscode-eslint-2.1.2/server/out/eslintServer.js:1:36902
    at ce (/home/loki/.vscode-insiders/extensions/dbaeumer.vscode-eslint-2.1.2/server/out/eslintServer.js:1:46186)
    at f.then.r.validate (/home/loki/.vscode-insiders/extensions/dbaeumer.vscode-eslint-2.1.2/server/out/eslintServer.js:1:36856)
    at processTicksAndRejections (internal/process/task_queues.js:85:5)
(node:141674) UnhandledPromiseRejectionWarning: Unhandled promise rejection. This error originated either by throwing inside of an async function without a catch block, or by rejecting a promise which was not handled with .catch(). (rejection id: 6)
(node:141674) UnhandledPromiseRejectionWarning: Unhandled promise rejection. This error originated either by throwing inside of an async function without a catch block, or by rejecting a promise which was not handled with .catch(). (rejection id: 6)
(node:141674) UnhandledPromiseRejectionWarning: Error: No ESLint configuration found in /home/loki/sites.io/mistys.com.au.
    at CascadingConfigArrayFactory._finalizeConfigArray (/home/loki/.nvm/versions/node/v12.16.1/lib/node_modules/eslint/lib/cli-engine/cascading-config-array-factory.js:432:19)
    at CascadingConfigArrayFactory.getConfigArrayForFile (/home/loki/.nvm/versions/node/v12.16.1/lib/node_modules/eslint/lib/cli-engine/cascading-config-array-factory.js:271:21)
    at CLIEngine.getConfigForFile (/home/loki/.nvm/versions/node/v12.16.1/lib/node_modules/eslint/lib/cli-engine/cli-engine.js:931:14)
    at /home/loki/.vscode-insiders/extensions/dbaeumer.vscode-eslint-2.1.2/server/out/eslintServer.js:1:36902
    at ce (/home/loki/.vscode-insiders/extensions/dbaeumer.vscode-eslint-2.1.2/server/out/eslintServer.js:1:46186)
    at f.then.r.validate (/home/loki/.vscode-insiders/extensions/dbaeumer.vscode-eslint-2.1.2/server/out/eslintServer.js:1:36856)
    at processTicksAndRejections (internal/process/task_queues.js:85:5)
(node:141674) UnhandledPromiseRejectionWarning: Error: No ESLint configuration found in /home/loki/sites.io/mistys.com.au.
    at CascadingConfigArrayFactory._finalizeConfigArray (/home/loki/.nvm/versions/node/v12.16.1/lib/node_modules/eslint/lib/cli-engine/cascading-config-array-factory.js:432:19)
    at CascadingConfigArrayFactory.getConfigArrayForFile (/home/loki/.nvm/versions/node/v12.16.1/lib/node_modules/eslint/lib/cli-engine/cascading-config-array-factory.js:271:21)
    at CLIEngine.getConfigForFile (/home/loki/.nvm/versions/node/v12.16.1/lib/node_modules/eslint/lib/cli-engine/cli-engine.js:931:14)
    at /home/loki/.vscode-insiders/extensions/dbaeumer.vscode-eslint-2.1.2/server/out/eslintServer.js:1:36902
    at ce (/home/loki/.vscode-insiders/extensions/dbaeumer.vscode-eslint-2.1.2/server/out/eslintServer.js:1:46186)
    at f.then.r.validate (/home/loki/.vscode-insiders/extensions/dbaeumer.vscode-eslint-2.1.2/server/out/eslintServer.js:1:36856)
    at processTicksAndRejections (internal/process/task_queues.js:85:5)
(node:141674) UnhandledPromiseRejectionWarning: Unhandled promise rejection. This error originated either by throwing inside of an async function without a catch block, or by rejecting a promise which was not handled with .catch(). (rejection id: 7)
(node:141674) UnhandledPromiseRejectionWarning: Unhandled promise rejection. This error originated either by throwing inside of an async function without a catch block, or by rejecting a promise which was not handled with .catch(). (rejection id: 7)
(node:141674) UnhandledPromiseRejectionWarning: Error: No ESLint configuration found in /home/loki/sites.io/mistys.com.au.
    at CascadingConfigArrayFactory._finalizeConfigArray (/home/loki/.nvm/versions/node/v12.16.1/lib/node_modules/eslint/lib/cli-engine/cascading-config-array-factory.js:432:19)
    at CascadingConfigArrayFactory.getConfigArrayForFile (/home/loki/.nvm/versions/node/v12.16.1/lib/node_modules/eslint/lib/cli-engine/cascading-config-array-factory.js:271:21)
    at CLIEngine.getConfigForFile (/home/loki/.nvm/versions/node/v12.16.1/lib/node_modules/eslint/lib/cli-engine/cli-engine.js:931:14)
    at /home/loki/.vscode-insiders/extensions/dbaeumer.vscode-eslint-2.1.2/server/out/eslintServer.js:1:36902
    at ce (/home/loki/.vscode-insiders/extensions/dbaeumer.vscode-eslint-2.1.2/server/out/eslintServer.js:1:46186)
    at f.then.r.validate (/home/loki/.vscode-insiders/extensions/dbaeumer.vscode-eslint-2.1.2/server/out/eslintServer.js:1:36856)
    at processTicksAndRejections (internal/process/task_queues.js:85:5)
(node:141674) UnhandledPromiseRejectionWarning: Error: No ESLint configuration found in /home/loki/sites.io/mistys.com.au.
    at CascadingConfigArrayFactory._finalizeConfigArray (/home/loki/.nvm/versions/node/v12.16.1/lib/node_modules/eslint/lib/cli-engine/cascading-config-array-factory.js:432:19)
    at CascadingConfigArrayFactory.getConfigArrayForFile (/home/loki/.nvm/versions/node/v12.16.1/lib/node_modules/eslint/lib/cli-engine/cascading-config-array-factory.js:271:21)
    at CLIEngine.getConfigForFile (/home/loki/.nvm/versions/node/v12.16.1/lib/node_modules/eslint/lib/cli-engine/cli-engine.js:931:14)
    at /home/loki/.vscode-insiders/extensions/dbaeumer.vscode-eslint-2.1.2/server/out/eslintServer.js:1:36902
    at ce (/home/loki/.vscode-insiders/extensions/dbaeumer.vscode-eslint-2.1.2/server/out/eslintServer.js:1:46186)
    at f.then.r.validate (/home/loki/.vscode-insiders/extensions/dbaeumer.vscode-eslint-2.1.2/server/out/eslintServer.js:1:36856)
    at processTicksAndRejections (internal/process/task_queues.js:85:5)
(node:141674) UnhandledPromiseRejectionWarning: Unhandled promise rejection. This error originated either by throwing inside of an async function without a catch block, or by rejecting a promise which was not handled with .catch(). (rejection id: 8)
(node:141674) UnhandledPromiseRejectionWarning: Unhandled promise rejection. This error originated either by throwing inside of an async function without a catch block, or by rejecting a promise which was not handled with .catch(). (rejection id: 8)
(node:141674) UnhandledPromiseRejectionWarning: Error: No ESLint configuration found in /home/loki/sites.io/mistys.com.au.
    at CascadingConfigArrayFactory._finalizeConfigArray (/home/loki/.nvm/versions/node/v12.16.1/lib/node_modules/eslint/lib/cli-engine/cascading-config-array-factory.js:432:19)
    at CascadingConfigArrayFactory.getConfigArrayForFile (/home/loki/.nvm/versions/node/v12.16.1/lib/node_modules/eslint/lib/cli-engine/cascading-config-array-factory.js:271:21)
    at CLIEngine.getConfigForFile (/home/loki/.nvm/versions/node/v12.16.1/lib/node_modules/eslint/lib/cli-engine/cli-engine.js:931:14)
    at /home/loki/.vscode-insiders/extensions/dbaeumer.vscode-eslint-2.1.2/server/out/eslintServer.js:1:36902
    at ce (/home/loki/.vscode-insiders/extensions/dbaeumer.vscode-eslint-2.1.2/server/out/eslintServer.js:1:46186)
    at f.then.r.validate (/home/loki/.vscode-insiders/extensions/dbaeumer.vscode-eslint-2.1.2/server/out/eslintServer.js:1:36856)
    at processTicksAndRejections (internal/process/task_queues.js:85:5)
(node:141674) UnhandledPromiseRejectionWarning: Error: No ESLint configuration found in /home/loki/sites.io/mistys.com.au.
    at CascadingConfigArrayFactory._finalizeConfigArray (/home/loki/.nvm/versions/node/v12.16.1/lib/node_modules/eslint/lib/cli-engine/cascading-config-array-factory.js:432:19)
    at CascadingConfigArrayFactory.getConfigArrayForFile (/home/loki/.nvm/versions/node/v12.16.1/lib/node_modules/eslint/lib/cli-engine/cascading-config-array-factory.js:271:21)
    at CLIEngine.getConfigForFile (/home/loki/.nvm/versions/node/v12.16.1/lib/node_modules/eslint/lib/cli-engine/cli-engine.js:931:14)
    at /home/loki/.vscode-insiders/extensions/dbaeumer.vscode-eslint-2.1.2/server/out/eslintServer.js:1:36902
    at ce (/home/loki/.vscode-insiders/extensions/dbaeumer.vscode-eslint-2.1.2/server/out/eslintServer.js:1:46186)
    at f.then.r.validate (/home/loki/.vscode-insiders/extensions/dbaeumer.vscode-eslint-2.1.2/server/out/eslintServer.js:1:36856)
    at processTicksAndRejections (internal/process/task_queues.js:85:5)
(node:141674) UnhandledPromiseRejectionWarning: Unhandled promise rejection. This error originated either by throwing inside of an async function without a catch block, or by rejecting a promise which was not handled with .catch(). (rejection id: 9)
(node:141674) UnhandledPromiseRejectionWarning: Unhandled promise rejection. This error originated either by throwing inside of an async function without a catch block, or by rejecting a promise which was not handled with .catch(). (rejection id: 9)
(node:141674) UnhandledPromiseRejectionWarning: Error: No ESLint configuration found in /home/loki/sites.io/mistys.com.au.
    at CascadingConfigArrayFactory._finalizeConfigArray (/home/loki/.nvm/versions/node/v12.16.1/lib/node_modules/eslint/lib/cli-engine/cascading-config-array-factory.js:432:19)
    at CascadingConfigArrayFactory.getConfigArrayForFile (/home/loki/.nvm/versions/node/v12.16.1/lib/node_modules/eslint/lib/cli-engine/cascading-config-array-factory.js:271:21)
    at CLIEngine.getConfigForFile (/home/loki/.nvm/versions/node/v12.16.1/lib/node_modules/eslint/lib/cli-engine/cli-engine.js:931:14)
    at /home/loki/.vscode-insiders/extensions/dbaeumer.vscode-eslint-2.1.2/server/out/eslintServer.js:1:36902
    at ce (/home/loki/.vscode-insiders/extensions/dbaeumer.vscode-eslint-2.1.2/server/out/eslintServer.js:1:46186)
    at f.then.r.validate (/home/loki/.vscode-insiders/extensions/dbaeumer.vscode-eslint-2.1.2/server/out/eslintServer.js:1:36856)
    at processTicksAndRejections (internal/process/task_queues.js:85:5)
(node:141674) UnhandledPromiseRejectionWarning: Error: No ESLint configuration found in /home/loki/sites.io/mistys.com.au.
    at CascadingConfigArrayFactory._finalizeConfigArray (/home/loki/.nvm/versions/node/v12.16.1/lib/node_modules/eslint/lib/cli-engine/cascading-config-array-factory.js:432:19)
    at CascadingConfigArrayFactory.getConfigArrayForFile (/home/loki/.nvm/versions/node/v12.16.1/lib/node_modules/eslint/lib/cli-engine/cascading-config-array-factory.js:271:21)
    at CLIEngine.getConfigForFile (/home/loki/.nvm/versions/node/v12.16.1/lib/node_modules/eslint/lib/cli-engine/cli-engine.js:931:14)
    at /home/loki/.vscode-insiders/extensions/dbaeumer.vscode-eslint-2.1.2/server/out/eslintServer.js:1:36902
    at ce (/home/loki/.vscode-insiders/extensions/dbaeumer.vscode-eslint-2.1.2/server/out/eslintServer.js:1:46186)
    at f.then.r.validate (/home/loki/.vscode-insiders/extensions/dbaeumer.vscode-eslint-2.1.2/server/out/eslintServer.js:1:36856)
    at processTicksAndRejections (internal/process/task_queues.js:85:5)
(node:141674) UnhandledPromiseRejectionWarning: Unhandled promise rejection. This error originated either by throwing inside of an async function without a catch block, or by rejecting a promise which was not handled with .catch(). (rejection id: 10)
(node:141674) UnhandledPromiseRejectionWarning: Unhandled promise rejection. This error originated either by throwing inside of an async function without a catch block, or by rejecting a promise which was not handled with .catch(). (rejection id: 10)
(node:141674) UnhandledPromiseRejectionWarning: Error: No ESLint configuration found in /home/loki/sites.io/mistys.com.au.
    at CascadingConfigArrayFactory._finalizeConfigArray (/home/loki/.nvm/versions/node/v12.16.1/lib/node_modules/eslint/lib/cli-engine/cascading-config-array-factory.js:432:19)
    at CascadingConfigArrayFactory.getConfigArrayForFile (/home/loki/.nvm/versions/node/v12.16.1/lib/node_modules/eslint/lib/cli-engine/cascading-config-array-factory.js:271:21)
    at CLIEngine.getConfigForFile (/home/loki/.nvm/versions/node/v12.16.1/lib/node_modules/eslint/lib/cli-engine/cli-engine.js:931:14)
    at /home/loki/.vscode-insiders/extensions/dbaeumer.vscode-eslint-2.1.2/server/out/eslintServer.js:1:36902
    at ce (/home/loki/.vscode-insiders/extensions/dbaeumer.vscode-eslint-2.1.2/server/out/eslintServer.js:1:46186)
    at f.then.r.validate (/home/loki/.vscode-insiders/extensions/dbaeumer.vscode-eslint-2.1.2/server/out/eslintServer.js:1:36856)
    at processTicksAndRejections (internal/process/task_queues.js:85:5)
(node:141674) UnhandledPromiseRejectionWarning: Error: No ESLint configuration found in /home/loki/sites.io/mistys.com.au.
    at CascadingConfigArrayFactory._finalizeConfigArray (/home/loki/.nvm/versions/node/v12.16.1/lib/node_modules/eslint/lib/cli-engine/cascading-config-array-factory.js:432:19)
    at CascadingConfigArrayFactory.getConfigArrayForFile (/home/loki/.nvm/versions/node/v12.16.1/lib/node_modules/eslint/lib/cli-engine/cascading-config-array-factory.js:271:21)
    at CLIEngine.getConfigForFile (/home/loki/.nvm/versions/node/v12.16.1/lib/node_modules/eslint/lib/cli-engine/cli-engine.js:931:14)
    at /home/loki/.vscode-insiders/extensions/dbaeumer.vscode-eslint-2.1.2/server/out/eslintServer.js:1:36902
    at ce (/home/loki/.vscode-insiders/extensions/dbaeumer.vscode-eslint-2.1.2/server/out/eslintServer.js:1:46186)
    at f.then.r.validate (/home/loki/.vscode-insiders/extensions/dbaeumer.vscode-eslint-2.1.2/server/out/eslintServer.js:1:36856)
    at processTicksAndRejections (internal/process/task_queues.js:85:5)
(node:141674) UnhandledPromiseRejectionWarning: Unhandled promise rejection. This error originated either by throwing inside of an async function without a catch block, or by rejecting a promise which was not handled with .catch(). (rejection id: 11)
(node:141674) UnhandledPromiseRejectionWarning: Unhandled promise rejection. This error originated either by throwing inside of an async function without a catch block, or by rejecting a promise which was not handled with .catch(). (rejection id: 11)
(node:141674) UnhandledPromiseRejectionWarning: Error: No ESLint configuration found in /home/loki/sites.io/mistys.com.au.
    at CascadingConfigArrayFactory._finalizeConfigArray (/home/loki/.nvm/versions/node/v12.16.1/lib/node_modules/eslint/lib/cli-engine/cascading-config-array-factory.js:432:19)
    at CascadingConfigArrayFactory.getConfigArrayForFile (/home/loki/.nvm/versions/node/v12.16.1/lib/node_modules/eslint/lib/cli-engine/cascading-config-array-factory.js:271:21)
    at CLIEngine.getConfigForFile (/home/loki/.nvm/versions/node/v12.16.1/lib/node_modules/eslint/lib/cli-engine/cli-engine.js:931:14)
    at /home/loki/.vscode-insiders/extensions/dbaeumer.vscode-eslint-2.1.2/server/out/eslintServer.js:1:36902
    at ce (/home/loki/.vscode-insiders/extensions/dbaeumer.vscode-eslint-2.1.2/server/out/eslintServer.js:1:46186)
    at f.then.r.validate (/home/loki/.vscode-insiders/extensions/dbaeumer.vscode-eslint-2.1.2/server/out/eslintServer.js:1:36856)
    at processTicksAndRejections (internal/process/task_queues.js:85:5)
(node:141674) UnhandledPromiseRejectionWarning: Error: No ESLint configuration found in /home/loki/sites.io/mistys.com.au.
    at CascadingConfigArrayFactory._finalizeConfigArray (/home/loki/.nvm/versions/node/v12.16.1/lib/node_modules/eslint/lib/cli-engine/cascading-config-array-factory.js:432:19)
    at CascadingConfigArrayFactory.getConfigArrayForFile (/home/loki/.nvm/versions/node/v12.16.1/lib/node_modules/eslint/lib/cli-engine/cascading-config-array-factory.js:271:21)
    at CLIEngine.getConfigForFile (/home/loki/.nvm/versions/node/v12.16.1/lib/node_modules/eslint/lib/cli-engine/cli-engine.js:931:14)
    at /home/loki/.vscode-insiders/extensions/dbaeumer.vscode-eslint-2.1.2/server/out/eslintServer.js:1:36902
    at ce (/home/loki/.vscode-insiders/extensions/dbaeumer.vscode-eslint-2.1.2/server/out/eslintServer.js:1:46186)
    at f.then.r.validate (/home/loki/.vscode-insiders/extensions/dbaeumer.vscode-eslint-2.1.2/server/out/eslintServer.js:1:36856)
    at processTicksAndRejections (internal/process/task_queues.js:85:5)
(node:141674) UnhandledPromiseRejectionWarning: Unhandled promise rejection. This error originated either by throwing inside of an async function without a catch block, or by rejecting a promise which was not handled with .catch(). (rejection id: 12)
(node:141674) UnhandledPromiseRejectionWarning: Unhandled promise rejection. This error originated either by throwing inside of an async function without a catch block, or by rejecting a promise which was not handled with .catch(). (rejection id: 12)
(node:141674) UnhandledPromiseRejectionWarning: Error: No ESLint configuration found in /home/loki/sites.io/mistys.com.au.
    at CascadingConfigArrayFactory._finalizeConfigArray (/home/loki/.nvm/versions/node/v12.16.1/lib/node_modules/eslint/lib/cli-engine/cascading-config-array-factory.js:432:19)
    at CascadingConfigArrayFactory.getConfigArrayForFile (/home/loki/.nvm/versions/node/v12.16.1/lib/node_modules/eslint/lib/cli-engine/cascading-config-array-factory.js:271:21)
    at CLIEngine.getConfigForFile (/home/loki/.nvm/versions/node/v12.16.1/lib/node_modules/eslint/lib/cli-engine/cli-engine.js:931:14)
    at /home/loki/.vscode-insiders/extensions/dbaeumer.vscode-eslint-2.1.2/server/out/eslintServer.js:1:36902
    at ce (/home/loki/.vscode-insiders/extensions/dbaeumer.vscode-eslint-2.1.2/server/out/eslintServer.js:1:46186)
    at f.then.r.validate (/home/loki/.vscode-insiders/extensions/dbaeumer.vscode-eslint-2.1.2/server/out/eslintServer.js:1:36856)
    at processTicksAndRejections (internal/process/task_queues.js:85:5)
(node:141674) UnhandledPromiseRejectionWarning: Error: No ESLint configuration found in /home/loki/sites.io/mistys.com.au.
    at CascadingConfigArrayFactory._finalizeConfigArray (/home/loki/.nvm/versions/node/v12.16.1/lib/node_modules/eslint/lib/cli-engine/cascading-config-array-factory.js:432:19)
    at CascadingConfigArrayFactory.getConfigArrayForFile (/home/loki/.nvm/versions/node/v12.16.1/lib/node_modules/eslint/lib/cli-engine/cascading-config-array-factory.js:271:21)
    at CLIEngine.getConfigForFile (/home/loki/.nvm/versions/node/v12.16.1/lib/node_modules/eslint/lib/cli-engine/cli-engine.js:931:14)
    at /home/loki/.vscode-insiders/extensions/dbaeumer.vscode-eslint-2.1.2/server/out/eslintServer.js:1:36902
    at ce (/home/loki/.vscode-insiders/extensions/dbaeumer.vscode-eslint-2.1.2/server/out/eslintServer.js:1:46186)
    at f.then.r.validate (/home/loki/.vscode-insiders/extensions/dbaeumer.vscode-eslint-2.1.2/server/out/eslintServer.js:1:36856)
    at processTicksAndRejections (internal/process/task_queues.js:85:5)
(node:141674) UnhandledPromiseRejectionWarning: Unhandled promise rejection. This error originated either by throwing inside of an async function without a catch block, or by rejecting a promise which was not handled with .catch(). (rejection id: 13)
(node:141674) UnhandledPromiseRejectionWarning: Unhandled promise rejection. This error originated either by throwing inside of an async function without a catch block, or by rejecting a promise which was not handled with .catch(). (rejection id: 13)
(node:141674) UnhandledPromiseRejectionWarning: Error: No ESLint configuration found in /home/loki/sites.io/mistys.com.au.
    at CascadingConfigArrayFactory._finalizeConfigArray (/home/loki/.nvm/versions/node/v12.16.1/lib/node_modules/eslint/lib/cli-engine/cascading-config-array-factory.js:432:19)
    at CascadingConfigArrayFactory.getConfigArrayForFile (/home/loki/.nvm/versions/node/v12.16.1/lib/node_modules/eslint/lib/cli-engine/cascading-config-array-factory.js:271:21)
    at CLIEngine.getConfigForFile (/home/loki/.nvm/versions/node/v12.16.1/lib/node_modules/eslint/lib/cli-engine/cli-engine.js:931:14)
    at /home/loki/.vscode-insiders/extensions/dbaeumer.vscode-eslint-2.1.2/server/out/eslintServer.js:1:36902
    at ce (/home/loki/.vscode-insiders/extensions/dbaeumer.vscode-eslint-2.1.2/server/out/eslintServer.js:1:46186)
    at f.then.r.validate (/home/loki/.vscode-insiders/extensions/dbaeumer.vscode-eslint-2.1.2/server/out/eslintServer.js:1:36856)
    at processTicksAndRejections (internal/process/task_queues.js:85:5)
(node:141674) UnhandledPromiseRejectionWarning: Error: No ESLint configuration found in /home/loki/sites.io/mistys.com.au.
    at CascadingConfigArrayFactory._finalizeConfigArray (/home/loki/.nvm/versions/node/v12.16.1/lib/node_modules/eslint/lib/cli-engine/cascading-config-array-factory.js:432:19)
    at CascadingConfigArrayFactory.getConfigArrayForFile (/home/loki/.nvm/versions/node/v12.16.1/lib/node_modules/eslint/lib/cli-engine/cascading-config-array-factory.js:271:21)
    at CLIEngine.getConfigForFile (/home/loki/.nvm/versions/node/v12.16.1/lib/node_modules/eslint/lib/cli-engine/cli-engine.js:931:14)
    at /home/loki/.vscode-insiders/extensions/dbaeumer.vscode-eslint-2.1.2/server/out/eslintServer.js:1:36902
    at ce (/home/loki/.vscode-insiders/extensions/dbaeumer.vscode-eslint-2.1.2/server/out/eslintServer.js:1:46186)
    at f.then.r.validate (/home/loki/.vscode-insiders/extensions/dbaeumer.vscode-eslint-2.1.2/server/out/eslintServer.js:1:36856)
    at processTicksAndRejections (internal/process/task_queues.js:85:5)
(node:141674) UnhandledPromiseRejectionWarning: Unhandled promise rejection. This error originated either by throwing inside of an async function without a catch block, or by rejecting a promise which was not handled with .catch(). (rejection id: 14)
(node:141674) UnhandledPromiseRejectionWarning: Unhandled promise rejection. This error originated either by throwing inside of an async function without a catch block, or by rejecting a promise which was not handled with .catch(). (rejection id: 14)
(node:141674) UnhandledPromiseRejectionWarning: Error: No ESLint configuration found in /home/loki/sites.io/mistys.com.au.
    at CascadingConfigArrayFactory._finalizeConfigArray (/home/loki/.nvm/versions/node/v12.16.1/lib/node_modules/eslint/lib/cli-engine/cascading-config-array-factory.js:432:19)
    at CascadingConfigArrayFactory.getConfigArrayForFile (/home/loki/.nvm/versions/node/v12.16.1/lib/node_modules/eslint/lib/cli-engine/cascading-config-array-factory.js:271:21)
    at CLIEngine.getConfigForFile (/home/loki/.nvm/versions/node/v12.16.1/lib/node_modules/eslint/lib/cli-engine/cli-engine.js:931:14)
    at /home/loki/.vscode-insiders/extensions/dbaeumer.vscode-eslint-2.1.2/server/out/eslintServer.js:1:36902
    at ce (/home/loki/.vscode-insiders/extensions/dbaeumer.vscode-eslint-2.1.2/server/out/eslintServer.js:1:46186)
    at f.then.r.validate (/home/loki/.vscode-insiders/extensions/dbaeumer.vscode-eslint-2.1.2/server/out/eslintServer.js:1:36856)
    at processTicksAndRejections (internal/process/task_queues.js:85:5)
(node:141674) UnhandledPromiseRejectionWarning: Error: No ESLint configuration found in /home/loki/sites.io/mistys.com.au.
    at CascadingConfigArrayFactory._finalizeConfigArray (/home/loki/.nvm/versions/node/v12.16.1/lib/node_modules/eslint/lib/cli-engine/cascading-config-array-factory.js:432:19)
    at CascadingConfigArrayFactory.getConfigArrayForFile (/home/loki/.nvm/versions/node/v12.16.1/lib/node_modules/eslint/lib/cli-engine/cascading-config-array-factory.js:271:21)
    at CLIEngine.getConfigForFile (/home/loki/.nvm/versions/node/v12.16.1/lib/node_modules/eslint/lib/cli-engine/cli-engine.js:931:14)
    at /home/loki/.vscode-insiders/extensions/dbaeumer.vscode-eslint-2.1.2/server/out/eslintServer.js:1:36902
    at ce (/home/loki/.vscode-insiders/extensions/dbaeumer.vscode-eslint-2.1.2/server/out/eslintServer.js:1:46186)
    at f.then.r.validate (/home/loki/.vscode-insiders/extensions/dbaeumer.vscode-eslint-2.1.2/server/out/eslintServer.js:1:36856)
    at processTicksAndRejections (internal/process/task_queues.js:85:5)
(node:141674) UnhandledPromiseRejectionWarning: Unhandled promise rejection. This error originated either by throwing inside of an async function without a catch block, or by rejecting a promise which was not handled with .catch(). (rejection id: 15)
(node:141674) UnhandledPromiseRejectionWarning: Unhandled promise rejection. This error originated either by throwing inside of an async function without a catch block, or by rejecting a promise which was not handled with .catch(). (rejection id: 15)
(node:141674) UnhandledPromiseRejectionWarning: Error: No ESLint configuration found in /home/loki/sites.io/mistys.com.au.
    at CascadingConfigArrayFactory._finalizeConfigArray (/home/loki/.nvm/versions/node/v12.16.1/lib/node_modules/eslint/lib/cli-engine/cascading-config-array-factory.js:432:19)
    at CascadingConfigArrayFactory.getConfigArrayForFile (/home/loki/.nvm/versions/node/v12.16.1/lib/node_modules/eslint/lib/cli-engine/cascading-config-array-factory.js:271:21)
    at CLIEngine.getConfigForFile (/home/loki/.nvm/versions/node/v12.16.1/lib/node_modules/eslint/lib/cli-engine/cli-engine.js:931:14)
    at /home/loki/.vscode-insiders/extensions/dbaeumer.vscode-eslint-2.1.2/server/out/eslintServer.js:1:36902
    at ce (/home/loki/.vscode-insiders/extensions/dbaeumer.vscode-eslint-2.1.2/server/out/eslintServer.js:1:46186)
    at f.then.r.validate (/home/loki/.vscode-insiders/extensions/dbaeumer.vscode-eslint-2.1.2/server/out/eslintServer.js:1:36856)
    at processTicksAndRejections (internal/process/task_queues.js:85:5)
(node:141674) UnhandledPromiseRejectionWarning: Error: No ESLint configuration found in /home/loki/sites.io/mistys.com.au.
    at CascadingConfigArrayFactory._finalizeConfigArray (/home/loki/.nvm/versions/node/v12.16.1/lib/node_modules/eslint/lib/cli-engine/cascading-config-array-factory.js:432:19)
    at CascadingConfigArrayFactory.getConfigArrayForFile (/home/loki/.nvm/versions/node/v12.16.1/lib/node_modules/eslint/lib/cli-engine/cascading-config-array-factory.js:271:21)
    at CLIEngine.getConfigForFile (/home/loki/.nvm/versions/node/v12.16.1/lib/node_modules/eslint/lib/cli-engine/cli-engine.js:931:14)
    at /home/loki/.vscode-insiders/extensions/dbaeumer.vscode-eslint-2.1.2/server/out/eslintServer.js:1:36902
    at ce (/home/loki/.vscode-insiders/extensions/dbaeumer.vscode-eslint-2.1.2/server/out/eslintServer.js:1:46186)
    at f.then.r.validate (/home/loki/.vscode-insiders/extensions/dbaeumer.vscode-eslint-2.1.2/server/out/eslintServer.js:1:36856)
    at processTicksAndRejections (internal/process/task_queues.js:85:5)
(node:141674) UnhandledPromiseRejectionWarning: Unhandled promise rejection. This error originated either by throwing inside of an async function without a catch block, or by rejecting a promise which was not handled with .catch(). (rejection id: 16)
(node:141674) UnhandledPromiseRejectionWarning: Unhandled promise rejection. This error originated either by throwing inside of an async function without a catch block, or by rejecting a promise which was not handled with .catch(). (rejection id: 16)
(node:141674) UnhandledPromiseRejectionWarning: Error: No ESLint configuration found in /home/loki/sites.io/mistys.com.au.
    at CascadingConfigArrayFactory._finalizeConfigArray (/home/loki/.nvm/versions/node/v12.16.1/lib/node_modules/eslint/lib/cli-engine/cascading-config-array-factory.js:432:19)
    at CascadingConfigArrayFactory.getConfigArrayForFile (/home/loki/.nvm/versions/node/v12.16.1/lib/node_modules/eslint/lib/cli-engine/cascading-config-array-factory.js:271:21)
    at CLIEngine.getConfigForFile (/home/loki/.nvm/versions/node/v12.16.1/lib/node_modules/eslint/lib/cli-engine/cli-engine.js:931:14)
    at /home/loki/.vscode-insiders/extensions/dbaeumer.vscode-eslint-2.1.2/server/out/eslintServer.js:1:36902
    at ce (/home/loki/.vscode-insiders/extensions/dbaeumer.vscode-eslint-2.1.2/server/out/eslintServer.js:1:46186)
    at f.then.r.validate (/home/loki/.vscode-insiders/extensions/dbaeumer.vscode-eslint-2.1.2/server/out/eslintServer.js:1:36856)
    at processTicksAndRejections (internal/process/task_queues.js:85:5)
(node:141674) UnhandledPromiseRejectionWarning: Error: No ESLint configuration found in /home/loki/sites.io/mistys.com.au.
    at CascadingConfigArrayFactory._finalizeConfigArray (/home/loki/.nvm/versions/node/v12.16.1/lib/node_modules/eslint/lib/cli-engine/cascading-config-array-factory.js:432:19)
    at CascadingConfigArrayFactory.getConfigArrayForFile (/home/loki/.nvm/versions/node/v12.16.1/lib/node_modules/eslint/lib/cli-engine/cascading-config-array-factory.js:271:21)
    at CLIEngine.getConfigForFile (/home/loki/.nvm/versions/node/v12.16.1/lib/node_modules/eslint/lib/cli-engine/cli-engine.js:931:14)
    at /home/loki/.vscode-insiders/extensions/dbaeumer.vscode-eslint-2.1.2/server/out/eslintServer.js:1:36902
    at ce (/home/loki/.vscode-insiders/extensions/dbaeumer.vscode-eslint-2.1.2/server/out/eslintServer.js:1:46186)
    at f.then.r.validate (/home/loki/.vscode-insiders/extensions/dbaeumer.vscode-eslint-2.1.2/server/out/eslintServer.js:1:36856)
    at processTicksAndRejections (internal/process/task_queues.js:85:5)
(node:141674) UnhandledPromiseRejectionWarning: Unhandled promise rejection. This error originated either by throwing inside of an async function without a catch block, or by rejecting a promise which was not handled with .catch(). (rejection id: 17)
(node:141674) UnhandledPromiseRejectionWarning: Unhandled promise rejection. This error originated either by throwing inside of an async function without a catch block, or by rejecting a promise which was not handled with .catch(). (rejection id: 17)
(node:141674) UnhandledPromiseRejectionWarning: Error: No ESLint configuration found in /home/loki/sites.io/mistys.com.au.
    at CascadingConfigArrayFactory._finalizeConfigArray (/home/loki/.nvm/versions/node/v12.16.1/lib/node_modules/eslint/lib/cli-engine/cascading-config-array-factory.js:432:19)
    at CascadingConfigArrayFactory.getConfigArrayForFile (/home/loki/.nvm/versions/node/v12.16.1/lib/node_modules/eslint/lib/cli-engine/cascading-config-array-factory.js:271:21)
    at CLIEngine.getConfigForFile (/home/loki/.nvm/versions/node/v12.16.1/lib/node_modules/eslint/lib/cli-engine/cli-engine.js:931:14)
    at /home/loki/.vscode-insiders/extensions/dbaeumer.vscode-eslint-2.1.2/server/out/eslintServer.js:1:36902
    at ce (/home/loki/.vscode-insiders/extensions/dbaeumer.vscode-eslint-2.1.2/server/out/eslintServer.js:1:46186)
    at f.then.r.validate (/home/loki/.vscode-insiders/extensions/dbaeumer.vscode-eslint-2.1.2/server/out/eslintServer.js:1:36856)
    at processTicksAndRejections (internal/process/task_queues.js:85:5)
(node:141674) UnhandledPromiseRejectionWarning: Error: No ESLint configuration found in /home/loki/sites.io/mistys.com.au.
    at CascadingConfigArrayFactory._finalizeConfigArray (/home/loki/.nvm/versions/node/v12.16.1/lib/node_modules/eslint/lib/cli-engine/cascading-config-array-factory.js:432:19)
    at CascadingConfigArrayFactory.getConfigArrayForFile (/home/loki/.nvm/versions/node/v12.16.1/lib/node_modules/eslint/lib/cli-engine/cascading-config-array-factory.js:271:21)
    at CLIEngine.getConfigForFile (/home/loki/.nvm/versions/node/v12.16.1/lib/node_modules/eslint/lib/cli-engine/cli-engine.js:931:14)
    at /home/loki/.vscode-insiders/extensions/dbaeumer.vscode-eslint-2.1.2/server/out/eslintServer.js:1:36902
    at ce (/home/loki/.vscode-insiders/extensions/dbaeumer.vscode-eslint-2.1.2/server/out/eslintServer.js:1:46186)
    at f.then.r.validate (/home/loki/.vscode-insiders/extensions/dbaeumer.vscode-eslint-2.1.2/server/out/eslintServer.js:1:36856)
    at processTicksAndRejections (internal/process/task_queues.js:85:5)
(node:141674) UnhandledPromiseRejectionWarning: Unhandled promise rejection. This error originated either by throwing inside of an async function without a catch block, or by rejecting a promise which was not handled with .catch(). (rejection id: 18)
(node:141674) UnhandledPromiseRejectionWarning: Unhandled promise rejection. This error originated either by throwing inside of an async function without a catch block, or by rejecting a promise which was not handled with .catch(). (rejection id: 18)
(node:141674) UnhandledPromiseRejectionWarning: Error: No ESLint configuration found in /home/loki/sites.io/mistys.com.au.
    at CascadingConfigArrayFactory._finalizeConfigArray (/home/loki/.nvm/versions/node/v12.16.1/lib/node_modules/eslint/lib/cli-engine/cascading-config-array-factory.js:432:19)
    at CascadingConfigArrayFactory.getConfigArrayForFile (/home/loki/.nvm/versions/node/v12.16.1/lib/node_modules/eslint/lib/cli-engine/cascading-config-array-factory.js:271:21)
    at CLIEngine.getConfigForFile (/home/loki/.nvm/versions/node/v12.16.1/lib/node_modules/eslint/lib/cli-engine/cli-engine.js:931:14)
    at /home/loki/.vscode-insiders/extensions/dbaeumer.vscode-eslint-2.1.2/server/out/eslintServer.js:1:36902
    at ce (/home/loki/.vscode-insiders/extensions/dbaeumer.vscode-eslint-2.1.2/server/out/eslintServer.js:1:46186)
    at f.then.r.validate (/home/loki/.vscode-insiders/extensions/dbaeumer.vscode-eslint-2.1.2/server/out/eslintServer.js:1:36856)
    at processTicksAndRejections (internal/process/task_queues.js:85:5)
(node:141674) UnhandledPromiseRejectionWarning: Error: No ESLint configuration found in /home/loki/sites.io/mistys.com.au.
    at CascadingConfigArrayFactory._finalizeConfigArray (/home/loki/.nvm/versions/node/v12.16.1/lib/node_modules/eslint/lib/cli-engine/cascading-config-array-factory.js:432:19)
    at CascadingConfigArrayFactory.getConfigArrayForFile (/home/loki/.nvm/versions/node/v12.16.1/lib/node_modules/eslint/lib/cli-engine/cascading-config-array-factory.js:271:21)
    at CLIEngine.getConfigForFile (/home/loki/.nvm/versions/node/v12.16.1/lib/node_modules/eslint/lib/cli-engine/cli-engine.js:931:14)
    at /home/loki/.vscode-insiders/extensions/dbaeumer.vscode-eslint-2.1.2/server/out/eslintServer.js:1:36902
    at ce (/home/loki/.vscode-insiders/extensions/dbaeumer.vscode-eslint-2.1.2/server/out/eslintServer.js:1:46186)
    at f.then.r.validate (/home/loki/.vscode-insiders/extensions/dbaeumer.vscode-eslint-2.1.2/server/out/eslintServer.js:1:36856)
    at processTicksAndRejections (internal/process/task_queues.js:85:5)
(node:141674) UnhandledPromiseRejectionWarning: Unhandled promise rejection. This error originated either by throwing inside of an async function without a catch block, or by rejecting a promise which was not handled with .catch(). (rejection id: 19)
(node:141674) UnhandledPromiseRejectionWarning: Unhandled promise rejection. This error originated either by throwing inside of an async function without a catch block, or by rejecting a promise which was not handled with .catch(). (rejection id: 19)
(node:141674) UnhandledPromiseRejectionWarning: Error: No ESLint configuration found in /home/loki/sites.io/mistys.com.au.
    at CascadingConfigArrayFactory._finalizeConfigArray (/home/loki/.nvm/versions/node/v12.16.1/lib/node_modules/eslint/lib/cli-engine/cascading-config-array-factory.js:432:19)
    at CascadingConfigArrayFactory.getConfigArrayForFile (/home/loki/.nvm/versions/node/v12.16.1/lib/node_modules/eslint/lib/cli-engine/cascading-config-array-factory.js:271:21)
    at CLIEngine.getConfigForFile (/home/loki/.nvm/versions/node/v12.16.1/lib/node_modules/eslint/lib/cli-engine/cli-engine.js:931:14)
    at /home/loki/.vscode-insiders/extensions/dbaeumer.vscode-eslint-2.1.2/server/out/eslintServer.js:1:36902
    at ce (/home/loki/.vscode-insiders/extensions/dbaeumer.vscode-eslint-2.1.2/server/out/eslintServer.js:1:46186)
    at f.then.r.validate (/home/loki/.vscode-insiders/extensions/dbaeumer.vscode-eslint-2.1.2/server/out/eslintServer.js:1:36856)
    at processTicksAndRejections (internal/process/task_queues.js:85:5)
(node:141674) UnhandledPromiseRejectionWarning: Error: No ESLint configuration found in /home/loki/sites.io/mistys.com.au.
    at CascadingConfigArrayFactory._finalizeConfigArray (/home/loki/.nvm/versions/node/v12.16.1/lib/node_modules/eslint/lib/cli-engine/cascading-config-array-factory.js:432:19)
    at CascadingConfigArrayFactory.getConfigArrayForFile (/home/loki/.nvm/versions/node/v12.16.1/lib/node_modules/eslint/lib/cli-engine/cascading-config-array-factory.js:271:21)
    at CLIEngine.getConfigForFile (/home/loki/.nvm/versions/node/v12.16.1/lib/node_modules/eslint/lib/cli-engine/cli-engine.js:931:14)
    at /home/loki/.vscode-insiders/extensions/dbaeumer.vscode-eslint-2.1.2/server/out/eslintServer.js:1:36902
    at ce (/home/loki/.vscode-insiders/extensions/dbaeumer.vscode-eslint-2.1.2/server/out/eslintServer.js:1:46186)
    at f.then.r.validate (/home/loki/.vscode-insiders/extensions/dbaeumer.vscode-eslint-2.1.2/server/out/eslintServer.js:1:36856)
    at processTicksAndRejections (internal/process/task_queues.js:85:5)
(node:141674) UnhandledPromiseRejectionWarning: Unhandled promise rejection. This error originated either by throwing inside of an async function without a catch block, or by rejecting a promise which was not handled with .catch(). (rejection id: 20)
(node:141674) UnhandledPromiseRejectionWarning: Unhandled promise rejection. This error originated either by throwing inside of an async function without a catch block, or by rejecting a promise which was not handled with .catch(). (rejection id: 20)
(node:141674) UnhandledPromiseRejectionWarning: Error: No ESLint configuration found in /home/loki/sites.io/mistys.com.au.
    at CascadingConfigArrayFactory._finalizeConfigArray (/home/loki/.nvm/versions/node/v12.16.1/lib/node_modules/eslint/lib/cli-engine/cascading-config-array-factory.js:432:19)
    at CascadingConfigArrayFactory.getConfigArrayForFile (/home/loki/.nvm/versions/node/v12.16.1/lib/node_modules/eslint/lib/cli-engine/cascading-config-array-factory.js:271:21)
    at CLIEngine.getConfigForFile (/home/loki/.nvm/versions/node/v12.16.1/lib/node_modules/eslint/lib/cli-engine/cli-engine.js:931:14)
    at /home/loki/.vscode-insiders/extensions/dbaeumer.vscode-eslint-2.1.2/server/out/eslintServer.js:1:36902
    at ce (/home/loki/.vscode-insiders/extensions/dbaeumer.vscode-eslint-2.1.2/server/out/eslintServer.js:1:46186)
    at f.then.r.validate (/home/loki/.vscode-insiders/extensions/dbaeumer.vscode-eslint-2.1.2/server/out/eslintServer.js:1:36856)
    at processTicksAndRejections (internal/process/task_queues.js:85:5)
(node:141674) UnhandledPromiseRejectionWarning: Error: No ESLint configuration found in /home/loki/sites.io/mistys.com.au.
    at CascadingConfigArrayFactory._finalizeConfigArray (/home/loki/.nvm/versions/node/v12.16.1/lib/node_modules/eslint/lib/cli-engine/cascading-config-array-factory.js:432:19)
    at CascadingConfigArrayFactory.getConfigArrayForFile (/home/loki/.nvm/versions/node/v12.16.1/lib/node_modules/eslint/lib/cli-engine/cascading-config-array-factory.js:271:21)
    at CLIEngine.getConfigForFile (/home/loki/.nvm/versions/node/v12.16.1/lib/node_modules/eslint/lib/cli-engine/cli-engine.js:931:14)
    at /home/loki/.vscode-insiders/extensions/dbaeumer.vscode-eslint-2.1.2/server/out/eslintServer.js:1:36902
    at ce (/home/loki/.vscode-insiders/extensions/dbaeumer.vscode-eslint-2.1.2/server/out/eslintServer.js:1:46186)
    at f.then.r.validate (/home/loki/.vscode-insiders/extensions/dbaeumer.vscode-eslint-2.1.2/server/out/eslintServer.js:1:36856)
    at processTicksAndRejections (internal/process/task_queues.js:85:5)
(node:141674) UnhandledPromiseRejectionWarning: Unhandled promise rejection. This error originated either by throwing inside of an async function without a catch block, or by rejecting a promise which was not handled with .catch(). (rejection id: 21)
(node:141674) UnhandledPromiseRejectionWarning: Unhandled promise rejection. This error originated either by throwing inside of an async function without a catch block, or by rejecting a promise which was not handled with .catch(). (rejection id: 21)
[Info  - 11:54:35 PM] ESLint server stopped.
