Looking for git in: git
Using git 2.26.0 from git
> git rev-parse --show-toplevel
> git rev-parse --git-dir
Open repository: /home/loki/.dotfiles
> git status -z -u
> git check-ignore -v -z --stdin
> git check-ignore -v -z --stdin
> git check-ignore -v -z --stdin
> git show :config/powerline/config_files/colorschemes/default.json
> git ls-files --stage -- /home/loki/.dotfiles/config/powerline/config_files/colorschemes/default.json
> git check-ignore -v -z --stdin
> git show :config/powerline/config_files/colorschemes/shell/default.json
> git ls-files --stage -- /home/loki/.dotfiles/config/powerline/config_files/colorschemes/shell/default.json
> git show :config/powerline/config_files/colorschemes/shell/default.json
> git ls-files --stage -- /home/loki/.dotfiles/config/powerline/config_files/colorschemes/shell/default.json
> git show :config/powerline/config_files/colorschemes/shell/solarized.json
> git ls-files --stage -- /home/loki/.dotfiles/config/powerline/config_files/colorschemes/shell/solarized.json
> git show :config/powerline/config_files/colorschemes/shell/default.json
> git ls-files --stage -- /home/loki/.dotfiles/config/powerline/config_files/colorschemes/shell/default.json
> git check-ignore -v -z --stdin
> git check-ignore -v -z --stdin
> git show :config/powerline/config_files/themes/shell/default.json
> git ls-files --stage -- /home/loki/.dotfiles/config/powerline/config_files/themes/shell/default.json
